AAPA-Afstudeer Aanvragen Proces Applicatie versie 1.28
+++ AAPA started +++ 10-11-2023, 17:32:05
--- OPENEN DATABASE testing123.db ---
--- start ---
2020-1: C:\Users\e3528\NHL Stenden\HBO-ICT Afstuderen - Software Engineering\2020-2021\Semester 1
Start import van map  C:\Users\e3528\NHL Stenden\HBO-ICT Afstuderen - Software Engineering\2020-2021\Semester 1...
Verwerken C:\Users\e3528\NHL Stenden\HBO-ICT Afstuderen - Software Engineering\2020-2021\Semester 1\Alma, Rob
Gedetecteerd:
	27-11-2020: plan van aanpak (1) Rob Alma "" [nieuw] ()
	29-01-2021: onderzoeksverslag (1) Rob Alma "" [nieuw] ()
	18-06-2021: onderzoeksverslag (2) Rob Alma "" [nieuw] ()
	14-01-2022: onderzoeksverslag (3) Rob Alma "" [nieuw] ()
	18-06-2021: technisch verslag (1) Rob Alma "" [nieuw] ()
	14-01-2022: technisch verslag (2) Rob Alma "" [nieuw] ()
Verwerken C:\Users\e3528\NHL...O-ICT Afstuderen - Software Engineering\2020-2021\Semester 1\Bakker, Christiaan
Gedetecteerd:
	27-11-2020: plan van aanpak (1) Christiaan Bakker "" [nieuw] ()
	11-12-2020: plan van aanpak (2) Christiaan Bakker "" [nieuw] ()
	29-01-2021: onderzoeksverslag (1) Christiaan Bakker "" [nieuw] ()
	01-04-2021: onderzoeksverslag (2) Christiaan Bakker "" [nieuw] ()
	18-06-2021: technisch verslag (1) Christiaan Bakker "" [nieuw] ()
	29-10-2021: technisch verslag (2) Christiaan Bakker "" [nieuw] ()
Verwerken C:\Users\e3528\NHL...\HBO-ICT Afstuderen - Software Engineering\2020-2021\Semester 1\Bakker, Lammert
Gedetecteerd:
Verwerken C:\Users\e3528\NHL...n\HBO-ICT Afstuderen - Software Engineering\2020-2021\Semester 1\Bentum, Jorden
Gedetecteerd:
	27-11-2020: plan van aanpak (1) Jorden Bentum "" [nieuw] ()
	11-12-2020: plan van aanpak (2) Jorden Bentum "" [nieuw] ()
	29-01-2021: onderzoeksverslag (1) Jorden Bentum "" [nieuw] ()
	01-04-2021: onderzoeksverslag (2) Jorden Bentum "" [nieuw] ()
	18-06-2021: technisch verslag (1) Jorden Bentum "" [nieuw] ()
Verwerken C:\Users\e3528\NHL...n\HBO-ICT Afstuderen - Software Engineering\2020-2021\Semester 1\Bleeker, Jelle
Gedetecteerd:
Verwerken C:\Users\e3528\NHL...CT Afstuderen - Software Engineering\2020-2021\Semester 1\Bogert, van den, Harm
Gedetecteerd:
Verwerken C:\Users\e3528\NHL...-ICT Afstuderen - Software Engineering\2020-2021\Semester 1\Bosschieter, Justus
Gedetecteerd:
	27-11-2020: plan van aanpak (1) Justus Bosschieter "" [nieuw] ()
	11-12-2020: plan van aanpak (2) Justus Bosschieter "" [nieuw] ()
	08-01-2021: plan van aanpak (3) Justus Bosschieter "" [nieuw] ()
	01-04-2021: onderzoeksverslag (1) Justus Bosschieter "" [nieuw] ()
	18-06-2021: onderzoeksverslag (2) Justus Bosschieter "" [nieuw] ()
Verwerken C:\Users\e3528\NHL...n\HBO-ICT Afstuderen - Software Engineering\2020-2021\Semester 1\Bouwer, Eugene
Gedetecteerd:
	Eugene Bouwer(3555371) (IZ|Regale B.V.)-InfraConnect: Stroomlijnen van Data Toegankelijkheid voor Bouw- & Infra Projecten
Verwerken C:\Users\e3528\NHL...nden\HBO-ICT Afstuderen - Software Engineering\2020-2021\Semester 1\Chen, Kevin
Gedetecteerd:
	Kevin Chen(3517488) (CIMSOLUTIONS)-Detectiesysteem gebruik kantoorruimtes CIMSOLUTIONS
Verwerken C:\Users\e3528\NHL...HBO-ICT Afstuderen - Software Engineering\2020-2021\Semester 1\Dijkstra, Ramses
Gedetecteerd:
	27-11-2020: plan van aanpak (1) Ramses Dijkstra "" [nieuw] ()
	11-12-2020: plan van aanpak (2) Ramses Dijkstra "" [nieuw] ()
Verwerken C:\Users\e3528\NHL...den\HBO-ICT Afstuderen - Software Engineering\2020-2021\Semester 1\Douma, Wytze
Gedetecteerd:
Verwerken C:\Users\e3528\NHL...den\HBO-ICT Afstuderen - Software Engineering\2020-2021\Semester 1\Eekhof, Daan
Gedetecteerd:
Verwerken C:\Users\e3528\NHL...en\HBO-ICT Afstuderen - Software Engineering\2020-2021\Semester 1\Gielink, Elon
Gedetecteerd:
	27-11-2020: plan van aanpak (1) Elon Gielink "" [nieuw] ()
	11-12-2020: plan van aanpak (2) Elon Gielink "" [nieuw] ()
	08-01-2021: plan van aanpak (3) Elon Gielink "" [nieuw] ()
	02-03-2021: plan van aanpak (4) Elon Gielink "" [nieuw] ()
Verwerken C:\Users\e3528\NHL...O-ICT Afstuderen - Software Engineering\2020-2021\Semester 1\Goudswaard, Kylian
Gedetecteerd:
	19-04-2021: plan van aanpak (1) Kylian Goudswaard "" [nieuw] ()
	14-10-2021: onderzoeksverslag (1) Kylian Goudswaard "" [nieuw] ()
	10-01-2022: technisch verslag (1) Kylian Goudswaard "" [nieuw] ()
	25-04-2022: technisch verslag (2) Kylian Goudswaard "" [nieuw] ()
Verwerken C:\Users\e3528\NHL...en\HBO-ICT Afstuderen - Software Engineering\2020-2021\Semester 1\Haakma, Kevin
Gedetecteerd:
Verwerken C:\Users\e3528\NHL...HBO-ICT Afstuderen - Software Engineering\2020-2021\Semester 1\Haan, de, Sybrig
Gedetecteerd:
Verwerken C:\Users\e3528\NHL...en\HBO-ICT Afstuderen - Software Engineering\2020-2021\Semester 1\Hofman, Taeke
Gedetecteerd:
	27-11-2020: plan van aanpak (1) Taeke Hofman "" [nieuw] ()
	08-01-2021: plan van aanpak (2) Taeke Hofman "" [nieuw] ()
	29-01-2021: plan van aanpak (3) Taeke Hofman "" [nieuw] ()
	01-04-2021: onderzoeksverslag (1) Taeke Hofman "" [nieuw] ()
	18-06-2021: onderzoeksverslag (2) Taeke Hofman "" [nieuw] ()
	18-06-2021: technisch verslag (1) Taeke Hofman "" [nieuw] ()
	23-08-2021: technisch verslag (2) Taeke Hofman "" [nieuw] ()
Verwerken C:\Users\e3528\NHL...HBO-ICT Afstuderen - Software Engineering\2020-2021\Semester 1\Hogerhuis, Robin
Gedetecteerd:
	27-11-2020: plan van aanpak (1) Robin Hogerhuis "" [nieuw] ()
	11-12-2020: plan van aanpak (2) Robin Hogerhuis "" [nieuw] ()
	29-01-2021: onderzoeksverslag (1) Robin Hogerhuis "" [nieuw] ()
	18-06-2021: onderzoeksverslag (2) Robin Hogerhuis "" [nieuw] ()
	18-06-2021: technisch verslag (1) Robin Hogerhuis "" [nieuw] ()
Verwerken C:\Users\e3528\NHL...en\HBO-ICT Afstuderen - Software Engineering\2020-2021\Semester 1\Hooft, Casper
Gedetecteerd:
	27-11-2020: plan van aanpak (1) Casper Hooft "" [nieuw] ()
	11-12-2020: plan van aanpak (2) Casper Hooft "" [nieuw] ()
	08-01-2021: plan van aanpak (3) Casper Hooft "" [nieuw] ()
	29-01-2021: onderzoeksverslag (1) Casper Hooft "" [nieuw] ()
	18-06-2021: onderzoeksverslag (2) Casper Hooft "" [nieuw] ()
	01-11-2021: onderzoeksverslag (3) Casper Hooft "" [nieuw] ()
	18-06-2021: technisch verslag (1) Casper Hooft "" [nieuw] ()
	01-11-2021: technisch verslag (2) Casper Hooft "" [nieuw] ()
Verwerken C:\Users\e3528\NHL...den\HBO-ICT Afstuderen - Software Engineering\2020-2021\Semester 1\Hut, Stephan
Gedetecteerd:
	14-12-2020: plan van aanpak (1) Stephan Hut "" [nieuw] ()
	28-01-2021: plan van aanpak (2) Stephan Hut "" [nieuw] ()
	29-06-2021: plan van aanpak (3) Stephan Hut "" [nieuw] ()
Verwerken C:\Users\e3528\NHL...BO-ICT Afstuderen - Software Engineering\2020-2021\Semester 1\Jong, de, Richard
Gedetecteerd:
Verwerken C:\Users\e3528\NHL...n\HBO-ICT Afstuderen - Software Engineering\2020-2021\Semester 1\Jongsma, Jesse
Gedetecteerd:
	27-11-2020: plan van aanpak (1) Jesse Jongsma "" [nieuw] ()
	29-01-2021: onderzoeksverslag (1) Jesse Jongsma "" [nieuw] ()
	18-06-2021: onderzoeksverslag (2) Jesse Jongsma "" [nieuw] ()
	18-06-2021: technisch verslag (1) Jesse Jongsma "" [nieuw] ()
Verwerken C:\Users\e3528\NHL...n\HBO-ICT Afstuderen - Software Engineering\2020-2021\Semester 1\Krauweel, Rens
Gedetecteerd:
	27-11-2020: plan van aanpak (1) Rens Krauweel "" [nieuw] ()
	11-12-2020: plan van aanpak (2) Rens Krauweel "" [nieuw] ()
	29-01-2021: onderzoeksverslag (1) Rens Krauweel "" [nieuw] ()
	18-06-2021: technisch verslag (1) Rens Krauweel "" [nieuw] ()
Verwerken C:\Users\e3528\NHL...den\HBO-ICT Afstuderen - Software Engineering\2020-2021\Semester 1\Kuipers, Jan
Gedetecteerd:
	27-11-2020: plan van aanpak (1) Jan Kuipers "" [nieuw] ()
	11-12-2020: plan van aanpak (2) Jan Kuipers "" [nieuw] ()
	29-01-2021: onderzoeksverslag (1) Jan Kuipers "" [nieuw] ()
	29-09-2021: technisch verslag (1) Jan Kuipers "" [nieuw] ()
Verwerken C:\Users\e3528\NHL...Afstuderen - Software Engineering\2020-2021\Semester 1\Meulen, van der, Maarten
Gedetecteerd:
	27-11-2020: plan van aanpak (1) Maarten van der Meulen "" [nieuw] ()
	11-12-2020: plan van aanpak (2) Maarten van der Meulen "" [nieuw] ()
	29-01-2021: onderzoeksverslag (1) Maarten van der Meulen "" [nieuw] ()
	01-04-2021: onderzoeksverslag (2) Maarten van der Meulen "" [nieuw] ()
	18-06-2021: technisch verslag (1) Maarten van der Meulen "" [nieuw] ()
	23-08-2021: technisch verslag (2) Maarten van der Meulen "" [nieuw] ()
Verwerken C:\Users\e3528\NHL...HBO-ICT Afstuderen - Software Engineering\2020-2021\Semester 1\Nieuwland, Niels
Gedetecteerd:
	27-11-2020: plan van aanpak (1) Niels Nieuwland "" [nieuw] ()
	11-12-2020: plan van aanpak (2) Niels Nieuwland "" [nieuw] ()
	29-01-2021: onderzoeksverslag (1) Niels Nieuwland "" [nieuw] ()
	01-04-2021: onderzoeksverslag (2) Niels Nieuwland "" [nieuw] ()
	18-06-2021: technisch verslag (1) Niels Nieuwland "" [nieuw] ()
Verwerken C:\Users\e3528\NHL...ICT Afstuderen - Software Engineering\2020-2021\Semester 1\Ploeg, van der, Stan
Gedetecteerd:
	27-11-2020: plan van aanpak (1) Stan van der Ploeg "" [nieuw] ()
	11-12-2020: plan van aanpak (2) Stan van der Ploeg "" [nieuw] ()
	29-01-2021: onderzoeksverslag (1) Stan van der Ploeg "" [nieuw] ()
	18-06-2021: technisch verslag (1) Stan van der Ploeg "" [nieuw] ()
Verwerken C:\Users\e3528\NHL...en\HBO-ICT Afstuderen - Software Engineering\2020-2021\Semester 1\Postma, Bauke
Gedetecteerd:
Verwerken C:\Users\e3528\NHL...en\HBO-ICT Afstuderen - Software Engineering\2020-2021\Semester 1\Protas, Pawel
Gedetecteerd:
	27-11-2020: plan van aanpak (1) Pawel Protas "" [nieuw] ()
	29-01-2021: onderzoeksverslag (1) Pawel Protas "" [nieuw] ()
	18-06-2021: technisch verslag (1) Pawel Protas "" [nieuw] ()
Verwerken C:\Users\e3528\NHL...\HBO-ICT Afstuderen - Software Engineering\2020-2021\Semester 1\Roelofsma, Levi
Gedetecteerd:
	27-11-2020: plan van aanpak (1) Levi Roelofsma "" [nieuw] ()
	11-12-2020: plan van aanpak (2) Levi Roelofsma "" [nieuw] ()
Verwerken C:\Users\e3528\NHL...n\HBO-ICT Afstuderen - Software Engineering\2020-2021\Semester 1\Roskam, Daniel
Gedetecteerd:
	08-12-2020: plan van aanpak (1) Daniel Roskam "" [nieuw] ()
	23-04-2021: plan van aanpak (2) Daniel Roskam "" [nieuw] ()
	17-01-2022: onderzoeksverslag (1) Daniel Roskam "" [nieuw] ()
	03-04-2022: onderzoeksverslag (2) Daniel Roskam "" [nieuw] ()
	17-01-2022: technisch verslag (1) Daniel Roskam "" [nieuw] ()
Verwerken C:\Users\e3528\NHL...en\HBO-ICT Afstuderen - Software Engineering\2020-2021\Semester 1\Schaap, Erwin
Gedetecteerd:
	27-11-2020: plan van aanpak (1) Erwin Schaap "" [nieuw] ()
	29-01-2021: onderzoeksverslag (1) Erwin Schaap "" [nieuw] ()
	18-06-2021: technisch verslag (1) Erwin Schaap "" [nieuw] ()
Verwerken C:\Users\e3528\NHL...HBO-ICT Afstuderen - Software Engineering\2020-2021\Semester 1\Schouten, Gerran
Gedetecteerd:
	27-11-2020: plan van aanpak (1) Gerran Schouten "" [nieuw] ()
	11-12-2020: plan van aanpak (2) Gerran Schouten "" [nieuw] ()
	29-01-2021: onderzoeksverslag (1) Gerran Schouten "" [nieuw] ()
	18-06-2021: technisch verslag (1) Gerran Schouten "" [nieuw] ()
Verwerken C:\Users\e3528\NHL...BO-ICT Afstuderen - Software Engineering\2020-2021\Semester 1\Schuitmaker, Eric
Gedetecteerd:
	27-11-2020: plan van aanpak (1) Eric Schuitmaker "" [nieuw] ()
	29-01-2021: onderzoeksverslag (1) Eric Schuitmaker "" [nieuw] ()
	18-06-2021: technisch verslag (1) Eric Schuitmaker "" [nieuw] ()
Verwerken C:\Users\e3528\NHL...BO-ICT Afstuderen - Software Engineering\2020-2021\Semester 1\Stedehouder, Demi
Gedetecteerd:
	27-11-2020: plan van aanpak (1) Demi Stedehouder "" [nieuw] ()
	29-01-2021: onderzoeksverslag (1) Demi Stedehouder "" [nieuw] ()
	01-04-2021: onderzoeksverslag (2) Demi Stedehouder "" [nieuw] ()
	18-06-2021: technisch verslag (1) Demi Stedehouder "" [nieuw] ()
	29-10-2021: technisch verslag (2) Demi Stedehouder "" [nieuw] ()
Verwerken C:\Users\e3528\NHL...studeren - Software Engineering\2020-2021\Semester 1\Tempel, van der, Jelle Jan
Gedetecteerd:
Verwerken C:\Users\e3528\NHL...den\HBO-ICT Afstuderen - Software Engineering\2020-2021\Semester 1\Vis, Reinder
Gedetecteerd:
	27-11-2020: plan van aanpak (1) Reinder Vis "" [nieuw] ()
	29-01-2021: onderzoeksverslag (1) Reinder Vis "" [nieuw] ()
	18-06-2021: technisch verslag (1) Reinder Vis "" [nieuw] ()
Verwerken C:\Users\e3528\NHL...T Afstuderen - Software Engineering\2020-2021\Semester 1\Weide, van der, Dennis
Gedetecteerd:
	27-11-2020: plan van aanpak (1) Dennis van der Weide "" [nieuw] ()
	11-12-2020: plan van aanpak (2) Dennis van der Weide "" [nieuw] ()
	29-01-2021: onderzoeksverslag (1) Dennis van der Weide "" [nieuw] ()
	18-06-2021: technisch verslag (1) Dennis van der Weide "" [nieuw] ()
Verwerken C:\Users\e3528\NHL...ICT Afstuderen - Software Engineering\2020-2021\Semester 1\Werk, van der, Klaas
WAARSCHUWING: Soort verslag "Product" niet herkend.
Gedetecteerd:
	27-11-2020: plan van aanpak (1) Klaas van der Werk "" [nieuw] ()
	01-04-2021: onderzoeksverslag (1) Klaas van der Werk "" [nieuw] ()
	26-04-2023: technisch verslag (1) Klaas van der Werk "" [nieuw] ()
Verwerken C:\Users\e3528\NHL...CT Afstuderen - Software Engineering\2020-2021\Semester 1\Werk, van der, Pieter
Gedetecteerd:
	27-11-2020: plan van aanpak (1) Pieter van der Werk "" [nieuw] ()
	29-01-2021: onderzoeksverslag (1) Pieter van der Werk "" [nieuw] ()
	18-06-2021: technisch verslag (1) Pieter van der Werk "" [nieuw] ()
Verwerken C:\Users\e3528\NHL...BO-ICT Afstuderen - Software Engineering\2020-2021\Semester 1\Woudstra, Leander
Gedetecteerd:
...Import afgerond (41 nieuwe student-mijlpalen. In directory: 42 directories)
2020-1: C:\Users\e3528\NHL Stenden\HBO-ICT Afstuderen - Software Engineering\2020-2021\Semester 1
--- einde ---
--- start ---
2020-1B: C:\Users\e3528\NHL Stenden\HBO-ICT Afstuderen - Software Engineering\2020-2021\Semester 1B
Start import van map  C:\Users\e3528\NHL Stenden\HBO-ICT Afstuderen - Software Engineering\2020-2021\Semester 1B...
Verwerken C:\Users\e3528\NHL...HBO-ICT Afstuderen - Software Engineering\2020-2021\Semester 1B\Bakker, Lammert
Gedetecteerd:
Verwerken C:\Users\e3528\NHL...HBO-ICT Afstuderen - Software Engineering\2020-2021\Semester 1B\Beenen, Adriaan
Gedetecteerd:
Verwerken C:\Users\e3528\NHL...\HBO-ICT Afstuderen - Software Engineering\2020-2021\Semester 1B\Bleeker, Jelle
Gedetecteerd:
Verwerken C:\Users\e3528\NHL...T Afstuderen - Software Engineering\2020-2021\Semester 1B\Bogert, van den, Harm
Gedetecteerd:
	19-02-2021: plan van aanpak (1) Harm van den Bogert "" [nieuw] ()
	12-03-2021: plan van aanpak (2) Harm van den Bogert "" [nieuw] ()
	01-04-2021: onderzoeksverslag (1) Harm van den Bogert "" [nieuw] ()
	29-10-2021: onderzoeksverslag (2) Harm van den Bogert "" [nieuw] ()
	29-10-2021: technisch verslag (1) Harm van den Bogert "" [nieuw] ()
	14-01-2022: technisch verslag (2) Harm van den Bogert "" [nieuw] ()
Verwerken C:\Users\e3528\NHL...\HBO-ICT Afstuderen - Software Engineering\2020-2021\Semester 1B\Bouwer, Eugene
Gedetecteerd:
	Eugene Bouwer(3555371) (IZ|Regale B.V.)-InfraConnect: Stroomlijnen van Data Toegankelijkheid voor Bouw- & Infra Projecten
	19-02-2021: plan van aanpak (1) Eugene Bouwer(3555371) "" [nieuw] ()
Verwerken C:\Users\e3528\NHL...BO-ICT Afstuderen - Software Engineering\2020-2021\Semester 1B\Dijkstra, Ramses
Gedetecteerd:
Verwerken C:\Users\e3528\NHL...n\HBO-ICT Afstuderen - Software Engineering\2020-2021\Semester 1B\Haakma, Kevin
Gedetecteerd:
	19-02-2021: plan van aanpak (1) Kevin Haakma "" [nieuw] ()
	12-03-2021: plan van aanpak (2) Kevin Haakma "" [nieuw] ()
	01-04-2021: onderzoeksverslag (1) Kevin Haakma "" [nieuw] ()
	14-01-2022: onderzoeksverslag (2) Kevin Haakma "" [nieuw] ()
	25-03-2022: technisch verslag (1) Kevin Haakma "" [nieuw] ()
	10-06-2022: technisch verslag (2) Kevin Haakma "" [nieuw] ()
Verwerken C:\Users\e3528\NHL...BO-ICT Afstuderen - Software Engineering\2020-2021\Semester 1B\Haan, de, Sybrig
Gedetecteerd:
Verwerken C:\Users\e3528\NHL...O-ICT Afstuderen - Software Engineering\2020-2021\Semester 1B\Jong, de, Richard
Gedetecteerd:
	19-02-2021: plan van aanpak (1) Richard de Jong "" [nieuw] ()
	12-03-2021: plan van aanpak (2) Richard de Jong "" [nieuw] ()
	01-04-2021: onderzoeksverslag (1) Richard de Jong "" [nieuw] ()
	14-01-2022: onderzoeksverslag (2) Richard de Jong "" [nieuw] ()
	28-10-2022: technisch verslag (1) Richard de Jong "" [nieuw] ()
Verwerken C:\Users\e3528\NHL...n\HBO-ICT Afstuderen - Software Engineering\2020-2021\Semester 1B\Postma, Bauke
Gedetecteerd:
	19-02-2021: plan van aanpak (1) Bauke Postma "" [nieuw] ()
	12-03-2021: plan van aanpak (2) Bauke Postma "" [nieuw] ()
	01-04-2021: onderzoeksverslag (1) Bauke Postma "" [nieuw] ()
	29-10-2021: technisch verslag (1) Bauke Postma "" [nieuw] ()
	14-01-2022: technisch verslag (2) Bauke Postma "" [nieuw] ()
Verwerken C:\Users\e3528\NHL...HBO-ICT Afstuderen - Software Engineering\2020-2021\Semester 1B\Roelofsma, Levi
Gedetecteerd:
Verwerken C:\Users\e3528\NHL...fstuderen - Software Engineering\2020-2021\Semester 1B\Wijngaard, van der, Swen
Gedetecteerd:
	02-03-2021: plan van aanpak (1) Swen van der Wijngaard "" [nieuw] ()
	12-03-2021: plan van aanpak (2) Swen van der Wijngaard "" [nieuw] ()
	01-04-2021: onderzoeksverslag (1) Swen van der Wijngaard "" [nieuw] ()
	05-11-2021: onderzoeksverslag (2) Swen van der Wijngaard "" [nieuw] ()
	17-11-2021: technisch verslag (1) Swen van der Wijngaard "" [nieuw] ()
	14-01-2022: technisch verslag (2) Swen van der Wijngaard "" [nieuw] ()
...Import afgerond (12 nieuwe student-mijlpalen. In directory: 13 directories)
2020-1B: C:\Users\e3528\NHL Stenden\HBO-ICT Afstuderen - Software Engineering\2020-2021\Semester 1B
--- einde ---
--- start ---
2020-2: C:\Users\e3528\NHL Stenden\HBO-ICT Afstuderen - Software Engineering\2020-2021\Semester 2
Start import van map  C:\Users\e3528\NHL Stenden\HBO-ICT Afstuderen - Software Engineering\2020-2021\Semester 2...
Verwerken C:\Users\e3528\NHL...\HBO-ICT Afstuderen - Software Engineering\2020-2021\Semester 2\Bakker, Lammert
Gedetecteerd:
	10-05-2021: plan van aanpak (1) Lammert Bakker "" [nieuw] ()
	26-05-2021: plan van aanpak (2) Lammert Bakker "" [nieuw] ()
	11-06-2021: plan van aanpak (3) Lammert Bakker "" [nieuw] ()
	15-10-2021: onderzoeksverslag (1) Lammert Bakker "" [nieuw] ()
	14-01-2022: onderzoeksverslag (2) Lammert Bakker "" [nieuw] ()
	25-03-2022: technisch verslag (1) Lammert Bakker "" [nieuw] ()
	10-06-2022: technisch verslag (2) Lammert Bakker "" [nieuw] ()
Verwerken C:\Users\e3528\NHL...\HBO-ICT Afstuderen - Software Engineering\2020-2021\Semester 2\Beenen, Adriaan
Gedetecteerd:
Verwerken C:\Users\e3528\NHL...HBO-ICT Afstuderen - Software Engineering\2020-2021\Semester 2\Bleeker, Sjimmie
Gedetecteerd:
	10-05-2021: plan van aanpak (1) Sjimmie Bleeker "" [nieuw] ()
	18-06-2021: onderzoeksverslag (1) Sjimmie Bleeker "" [nieuw] ()
Verwerken C:\Users\e3528\NHL...\HBO-ICT Afstuderen - Software Engineering\2020-2021\Semester 2\Boer, de, Wiebe
Gedetecteerd:
	10-05-2021: plan van aanpak (1) Wiebe de Boer "" [nieuw] ()
	26-05-2021: plan van aanpak (2) Wiebe de Boer "" [nieuw] ()
	18-06-2021: onderzoeksverslag (1) Wiebe de Boer "" [nieuw] ()
	14-01-2022: onderzoeksverslag (2) Wiebe de Boer "" [nieuw] ()
	14-01-2022: technisch verslag (1) Wiebe de Boer "" [nieuw] ()
Verwerken C:\Users\e3528\NHL...HBO-ICT Afstuderen - Software Engineering\2020-2021\Semester 2\Dijkstra, Ramses
Gedetecteerd:
	10-05-2021: plan van aanpak (1) Ramses Dijkstra "" [nieuw] ()
	26-05-2021: plan van aanpak (2) Ramses Dijkstra "" [nieuw] ()
	15-10-2021: onderzoeksverslag (1) Ramses Dijkstra "" [nieuw] ()
	25-03-2022: technisch verslag (1) Ramses Dijkstra "" [nieuw] ()
	10-06-2022: technisch verslag (2) Ramses Dijkstra "" [nieuw] ()
Verwerken C:\Users\e3528\NHL...den\HBO-ICT Afstuderen - Software Engineering\2020-2021\Semester 2\Eekhof, Daan
WAARSCHUWING: Soort verslag "" niet herkend.
Gedetecteerd:
	10-05-2021: plan van aanpak (1) Daan Eekhof "" [nieuw] ()
	24-06-2021: plan van aanpak (2) Daan Eekhof "" [nieuw] ()
	12-11-2021: plan van aanpak (3) Daan Eekhof "" [nieuw] ()
	10-06-2022: onderzoeksverslag (1) Daan Eekhof "" [nieuw] ()
	13-01-2023: onderzoeksverslag (2) Daan Eekhof "" [nieuw] ()
	10-06-2022: technisch verslag (1) Daan Eekhof "" [nieuw] ()
	13-01-2023: technisch verslag (2) Daan Eekhof "" [nieuw] ()
Verwerken C:\Users\e3528\NHL...HBO-ICT Afstuderen - Software Engineering\2020-2021\Semester 2\Haan, de, Sybrig
Gedetecteerd:
Verwerken C:\Users\e3528\NHL...\HBO-ICT Afstuderen - Software Engineering\2020-2021\Semester 2\Roelofsma, Levi
Gedetecteerd:
Verwerken C:\Users\e3528\NHL...O-ICT Afstuderen - Software Engineering\2020-2021\Semester 2\Tuin, van der, Jan
Gedetecteerd:
Verwerken C:\Users\e3528\NHL...HBO-ICT Afstuderen - Software Engineering\2020-2021\Semester 2\Vries, de, Hidde
Gedetecteerd:
	Hidde de Vries(3542261) (Dissis B.V.)-Mobilox Voorraadinzicht
	10-05-2021: plan van aanpak (1) Hidde de Vries(3542261) "" [nieuw] ()
	26-05-2021: plan van aanpak (2) Hidde de Vries(3542261) "" [nieuw] ()
	18-06-2021: onderzoeksverslag (1) Hidde de Vries(3542261) "" [nieuw] ()
	10-06-2022: technisch verslag (1) Hidde de Vries(3542261) "" [nieuw] ()
	28-10-2022: technisch verslag (2) Hidde de Vries(3542261) "" [nieuw] ()
	12-12-2022: technisch verslag (3) Hidde de Vries(3542261) "" [nieuw] ()
...Import afgerond (10 nieuwe student-mijlpalen. In directory: 11 directories)
2020-2: C:\Users\e3528\NHL Stenden\HBO-ICT Afstuderen - Software Engineering\2020-2021\Semester 2
--- einde ---
--- start ---
2021-1: C:\Users\e3528\NHL Stenden\HBO-ICT Afstuderen - Software Engineering\2021-2022\Periode 1
Start import van map  C:\Users\e3528\NHL Stenden\HBO-ICT Afstuderen - Software Engineering\2021-2022\Periode 1...
Verwerken C:\Users\e3528\NHL...n\HBO-ICT Afstuderen - Software Engineering\2021-2022\Periode 1\Beenen, Adriaan
Gedetecteerd:
Verwerken C:\Users\e3528\NHL...\HBO-ICT Afstuderen - Software Engineering\2021-2022\Periode 1\Elderhorst, Koen
Gedetecteerd:
Verwerken C:\Users\e3528\NHL...den\HBO-ICT Afstuderen - Software Engineering\2021-2022\Periode 1\Gielink, Elon
Gedetecteerd:
Verwerken C:\Users\e3528\NHL...\HBO-ICT Afstuderen - Software Engineering\2021-2022\Periode 1\Haan, de, Sybrig
Gedetecteerd:
	17-09-2021: plan van aanpak (1) Sybrig de Haan "" [nieuw] ()
	01-10-2021: plan van aanpak (2) Sybrig de Haan "" [nieuw] ()
	15-10-2021: onderzoeksverslag (1) Sybrig de Haan "" [nieuw] ()
	25-03-2022: technisch verslag (1) Sybrig de Haan "" [nieuw] ()
Verwerken C:\Users\e3528\NHL...BO-ICT Afstuderen - Software Engineering\2021-2022\Periode 1\Tuin, van der, Jan
Gedetecteerd:
...Import afgerond (5 nieuwe student-mijlpalen. In directory: 6 directories)
2021-1: C:\Users\e3528\NHL Stenden\HBO-ICT Afstuderen - Software Engineering\2021-2022\Periode 1
--- einde ---
--- start ---
2021-2: C:\Users\e3528\NHL Stenden\HBO-ICT Afstuderen - Software Engineering\2021-2022\Periode 2
Start import van map  C:\Users\e3528\NHL Stenden\HBO-ICT Afstuderen - Software Engineering\2021-2022\Periode 2...
Verwerken C:\Users\e3528\NHL...n\HBO-ICT Afstuderen - Software Engineering\2021-2022\Periode 2\Beenen, Adriaan
Gedetecteerd:
	27-11-2021: plan van aanpak (1) Adriaan Beenen "" [nieuw] ()
	28-01-2022: onderzoeksverslag (1) Adriaan Beenen "" [nieuw] ()
	10-06-2022: technisch verslag (1) Adriaan Beenen "" [nieuw] ()
Verwerken C:\Users\e3528\NHL Stenden\HBO-ICT Afstuderen - Software Engineering\2021-2022\Periode 2\Blok, Jacco
Gedetecteerd:
	Jacco Blok(4596706) (ChipSoft BV)-Stand-alone live performance tool
Verwerken C:\Users\e3528\NHL...n\HBO-ICT Afstuderen - Software Engineering\2021-2022\Periode 2\Boersma, Pieter
WAARSCHUWING: Soort verslag "PvA - VERTROUWELIJK" niet herkend.
WAARSCHUWING: Soort verslag "Technisch verslag VERTROUWELIJK" niet herkend.
WAARSCHUWING: Soort verslag "Technisch verslag VERTROUWELIJK" niet herkend.
Gedetecteerd:
	28-01-2022: onderzoeksverslag (1) Pieter Boersma "" [nieuw] ()
Verwerken C:\Users\e3528\NHL Stenden\HBO-ICT Afstuderen - Software Engineering\2021-2022\Periode 2\Boom, Boele
Gedetecteerd:
	27-11-2021: plan van aanpak (1) Boele Boom "" [nieuw] ()
	14-12-2021: plan van aanpak (2) Boele Boom "" [nieuw] ()
	01-04-2022: onderzoeksverslag (1) Boele Boom "" [nieuw] ()
	10-06-2022: onderzoeksverslag (2) Boele Boom "" [nieuw] ()
	10-06-2022: technisch verslag (1) Boele Boom "" [nieuw] ()
Verwerken C:\Users\e3528\NHL...en\HBO-ICT Afstuderen - Software Engineering\2021-2022\Periode 2\Bouwer, Eugene
Gedetecteerd:
	Eugene Bouwer(3555371) (IZ|Regale B.V.)-InfraConnect: Stroomlijnen van Data Toegankelijkheid voor Bouw- & Infra Projecten
Verwerken C:\Users\e3528\NHL...HBO-ICT Afstuderen - Software Engineering\2021-2022\Periode 2\Dijk, van, Dennie
Gedetecteerd:
	27-11-2021: plan van aanpak (1) Dennie van Dijk "" [nieuw] ()
	15-02-2022: onderzoeksverslag (1) Dennie van Dijk "" [nieuw] ()
	10-06-2022: onderzoeksverslag (2) Dennie van Dijk "" [nieuw] ()
	10-06-2022: technisch verslag (1) Dennie van Dijk "" [nieuw] ()
	24-04-2023: technisch verslag (2) Dennie van Dijk "" [nieuw] ()
Verwerken C:\Users\e3528\NHL...nden\HBO-ICT Afstuderen - Software Engineering\2021-2022\Periode 2\Douma, Wytze
Gedetecteerd:
Verwerken C:\Users\e3528\NHL...n\HBO-ICT Afstuderen - Software Engineering\2021-2022\Periode 2\Droogsma, Kjeld
Gedetecteerd:
Verwerken C:\Users\e3528\NHL...\HBO-ICT Afstuderen - Software Engineering\2021-2022\Periode 2\Elderhorst, Koen
Gedetecteerd:
	27-11-2021: plan van aanpak (1) Koen Elderhorst "" [nieuw] ()
	17-12-2021: plan van aanpak (2) Koen Elderhorst "" [nieuw] ()
	28-01-2022: onderzoeksverslag (1) Koen Elderhorst "" [nieuw] ()
	10-06-2022: technisch verslag (1) Koen Elderhorst "" [nieuw] ()
	28-10-2022: technisch verslag (2) Koen Elderhorst "" [nieuw] ()
Verwerken C:\Users\e3528\NHL...den\HBO-ICT Afstuderen - Software Engineering\2021-2022\Periode 2\Gielink, Elon
Gedetecteerd:
	27-11-2021: plan van aanpak (1) Elon Gielink "" [nieuw] ()
	28-01-2022: onderzoeksverslag (1) Elon Gielink "" [nieuw] ()
	10-06-2022: onderzoeksverslag (2) Elon Gielink "" [nieuw] ()
	28-10-2022: onderzoeksverslag (3) Elon Gielink "" [nieuw] ()
	09-01-2023: technisch verslag (1) Elon Gielink "" [nieuw] ()
Verwerken C:\Users\e3528\NHL...O-ICT Afstuderen - Software Engineering\2021-2022\Periode 2\Grafhorst, Matthijs
Gedetecteerd:
Verwerken C:\Users\e3528\NHL...-ICT Afstuderen - Software Engineering\2021-2022\Periode 2\Hoekstra, Jan Sietze
Gedetecteerd:
	27-11-2021: plan van aanpak (1) Jan Sietze Hoekstra "" [nieuw] ()
	27-10-2023: onderzoeksverslag (1) Jan Sietze Hoekstra "" [nieuw] ()
	20-10-2023: technisch verslag (1) Jan Sietze Hoekstra "" [nieuw] ()
Verwerken C:\Users\e3528\NHL...n\HBO-ICT Afstuderen - Software Engineering\2021-2022\Periode 2\Hulshof, Jeroen
Gedetecteerd:
	27-11-2021: plan van aanpak (1) Jeroen Hulshof "" [nieuw] ()
	28-01-2022: onderzoeksverslag (1) Jeroen Hulshof "" [nieuw] ()
	10-06-2022: technisch verslag (1) Jeroen Hulshof "" [nieuw] ()
	28-10-2022: technisch verslag (2) Jeroen Hulshof "" [nieuw] ()
Verwerken C:\Users\e3528\NHL...\HBO-ICT Afstuderen - Software Engineering\2021-2022\Periode 2\Jong, de, Jasper
Gedetecteerd:
Verwerken C:\Users\e3528\NHL...en\HBO-ICT Afstuderen - Software Engineering\2021-2022\Periode 2\Jongsma, Jesse
Gedetecteerd:
Verwerken C:\Users\e3528\NHL Stenden\HBO-ICT Afstuderen - Software Engineering\2021-2022\Periode 2\Kooi, Niels
Gedetecteerd:
Verwerken C:\Users\e3528\NHL...ICT Afstuderen - Software Engineering\2021-2022\Periode 2\Lugt, van der, Jasper
Gedetecteerd:
	27-11-2021: plan van aanpak (1) Jasper van der Lugt "" [nieuw] ()
	28-01-2022: onderzoeksverslag (1) Jasper van der Lugt "" [nieuw] ()
	07-04-2023: onderzoeksverslag (2) Jasper van der Lugt "" [nieuw] ()
	19-05-2023: technisch verslag (1) Jasper van der Lugt "" [nieuw] ()
Verwerken C:\Users\e3528\NHL...-ICT Afstuderen - Software Engineering\2021-2022\Periode 2\Meer, van der, Johan
Gedetecteerd:
	Johan van der Meer(4520815) (Remote Engineer B.V.)-Het standaardiseren en configureren van het datalogsysteem van Remote Engineer
	27-11-2021: plan van aanpak (1) Johan van der Meer(4520815) "" [nieuw] ()
	28-01-2022: onderzoeksverslag (1) Johan van der Meer(4520815) "" [nieuw] ()
	10-06-2022: onderzoeksverslag (2) Johan van der Meer(4520815) "" [nieuw] ()
	28-10-2022: onderzoeksverslag (3) Johan van der Meer(4520815) "" [nieuw] ()
	10-06-2022: technisch verslag (1) Johan van der Meer(4520815) "" [nieuw] ()
	28-10-2022: technisch verslag (2) Johan van der Meer(4520815) "" [nieuw] ()
Verwerken C:\Users\e3528\NHL...nden\HBO-ICT Afstuderen - Software Engineering\2021-2022\Periode 2\Metz, Gerjan
Gedetecteerd:
Verwerken C:\Users\e3528\NHL...den\HBO-ICT Afstuderen - Software Engineering\2021-2022\Periode 2\Mulder, Marle
WAARSCHUWING: Soort verslag "" niet herkend.
Gedetecteerd:
Verwerken C:\Users\e3528\NHL...n\HBO-ICT Afstuderen - Software Engineering\2021-2022\Periode 2\Nguyen, Michael
Gedetecteerd:
Verwerken C:\Users\e3528\NHL Stenden\HBO-ICT Afstuderen - Software Engineering\2021-2022\Periode 2\Pas, Danny
Gedetecteerd:
Verwerken C:\Users\e3528\NHL...en\HBO-ICT Afstuderen - Software Engineering\2021-2022\Periode 2\Ponte, Maurice
Gedetecteerd:
	27-11-2021: plan van aanpak (1) Maurice Ponte "" [nieuw] ()
	01-04-2022: onderzoeksverslag (1) Maurice Ponte "" [nieuw] ()
	10-06-2022: technisch verslag (1) Maurice Ponte "" [nieuw] ()
Verwerken C:\Users\e3528\NHL...nden\HBO-ICT Afstuderen - Software Engineering\2021-2022\Periode 2\Rijker, Gijs
Gedetecteerd:
Verwerken C:\Users\e3528\NHL...n\HBO-ICT Afstuderen - Software Engineering\2021-2022\Periode 2\Roelofsma, Levi
Gedetecteerd:
	27-11-2021: plan van aanpak (1) Levi Roelofsma "" [nieuw] ()
	28-01-2022: onderzoeksverslag (1) Levi Roelofsma "" [nieuw] ()
	10-06-2022: onderzoeksverslag (2) Levi Roelofsma "" [nieuw] ()
	10-06-2022: technisch verslag (1) Levi Roelofsma "" [nieuw] ()
Verwerken C:\Users\e3528\NHL...\HBO-ICT Afstuderen - Software Engineering\2021-2022\Periode 2\Rozendal, Rutger
Gedetecteerd:
Verwerken C:\Users\e3528\NHL...HBO-ICT Afstuderen - Software Engineering\2021-2022\Periode 2\Schippers, Jorrit
Gedetecteerd:
	Jorrit Schippers(4542061) (TRES)-Identity management in een composable landschap
	27-11-2021: plan van aanpak (1) Jorrit Schippers(4542061) "" [nieuw] ()
	28-01-2022: onderzoeksverslag (1) Jorrit Schippers(4542061) "" [nieuw] ()
	10-06-2022: onderzoeksverslag (2) Jorrit Schippers(4542061) "" [nieuw] ()
	10-06-2022: technisch verslag (1) Jorrit Schippers(4542061) "" [nieuw] ()
	28-10-2022: technisch verslag (2) Jorrit Schippers(4542061) "" [nieuw] ()
Verwerken C:\Users\e3528\NHL...en\HBO-ICT Afstuderen - Software Engineering\2021-2022\Periode 2\Sinnema, Robin
Gedetecteerd:
	27-11-2021: plan van aanpak (1) Robin Sinnema "" [nieuw] ()
	28-01-2022: onderzoeksverslag (1) Robin Sinnema "" [nieuw] ()
	10-06-2022: technisch verslag (1) Robin Sinnema "" [nieuw] ()
Verwerken C:\Users\e3528\NHL Stenden\HBO-ICT Afstuderen - Software Engineering\2021-2022\Periode 2\Smit, Thom
Gedetecteerd:
Verwerken C:\Users\e3528\NHL...BO-ICT Afstuderen - Software Engineering\2021-2022\Periode 2\Stokhorst, Merlijn
Gedetecteerd:
Verwerken C:\Users\e3528\NHL...nden\HBO-ICT Afstuderen - Software Engineering\2021-2022\Periode 2\Tolsma, Daan
Gedetecteerd:
Verwerken C:\Users\e3528\NHL...BO-ICT Afstuderen - Software Engineering\2021-2022\Periode 2\Toussaint, Damiaen
Gedetecteerd:
	27-11-2021: plan van aanpak (1) Damiaen Toussaint "" [nieuw] ()
	28-01-2022: onderzoeksverslag (1) Damiaen Toussaint "" [nieuw] ()
	10-06-2022: technisch verslag (1) Damiaen Toussaint "" [nieuw] ()
Verwerken C:\Users\e3528\NHL...BO-ICT Afstuderen - Software Engineering\2021-2022\Periode 2\Tuin, van der, Jan
Gedetecteerd:
	27-11-2021: plan van aanpak (1) Jan van der Tuin "" [nieuw] ()
	28-01-2022: onderzoeksverslag (1) Jan van der Tuin "" [nieuw] ()
	10-06-2022: technisch verslag (1) Jan van der Tuin "" [nieuw] ()
Verwerken C:\Users\e3528\NHL...den\HBO-ICT Afstuderen - Software Engineering\2021-2022\Periode 2\Visser, Betty
Gedetecteerd:
	27-11-2021: plan van aanpak (1) Betty Visser "" [nieuw] ()
	28-01-2022: onderzoeksverslag (1) Betty Visser "" [nieuw] ()
	28-10-2022: onderzoeksverslag (2) Betty Visser "" [nieuw] ()
	28-10-2022: technisch verslag (1) Betty Visser "" [nieuw] ()
Verwerken C:\Users\e3528\NHL...den\HBO-ICT Afstuderen - Software Engineering\2021-2022\Periode 2\Visser, Kevin
Gedetecteerd:
Verwerken C:\Users\e3528\NHL...n\HBO-ICT Afstuderen - Software Engineering\2021-2022\Periode 2\Wagenaar, Robin
Gedetecteerd:
	27-11-2021: plan van aanpak (1) Robin Wagenaar "" [nieuw] ()
	28-01-2022: onderzoeksverslag (1) Robin Wagenaar "" [nieuw] ()
	10-06-2022: technisch verslag (1) Robin Wagenaar "" [nieuw] ()
Verwerken C:\Users\e3528\NHL...HBO-ICT Afstuderen - Software Engineering\2021-2022\Periode 2\Woudstra, Leander
Gedetecteerd:
Verwerken C:\Users\e3528\NHL...\HBO-ICT Afstuderen - Software Engineering\2021-2022\Periode 2\Zwart, de, Thimo
Gedetecteerd:
...Import afgerond (38 nieuwe student-mijlpalen. In directory: 39 directories)
2021-2: C:\Users\e3528\NHL Stenden\HBO-ICT Afstuderen - Software Engineering\2021-2022\Periode 2
--- einde ---
--- start ---
2021-3: C:\Users\e3528\NHL Stenden\HBO-ICT Afstuderen - Software Engineering\2021-2022\Periode 3
Start import van map  C:\Users\e3528\NHL Stenden\HBO-ICT Afstuderen - Software Engineering\2021-2022\Periode 3...
Verwerken C:\Users\e3528\NHL...\HBO-ICT Afstuderen - Software Engineering\2021-2022\Periode 3\Bleeker, Sjimmie
Gedetecteerd:
Verwerken C:\Users\e3528\NHL Stenden\HBO-ICT Afstuderen - Software Engineering\2021-2022\Periode 3\Blok, Jacco
Gedetecteerd:
	Jacco Blok(4596706) (ChipSoft BV)-Stand-alone live performance tool
	18-02-2022: plan van aanpak (1) Jacco Blok(4596706) "" [nieuw] ()
	01-04-2022: onderzoeksverslag (1) Jacco Blok(4596706) "" [nieuw] ()
Verwerken C:\Users\e3528\NHL...en\HBO-ICT Afstuderen - Software Engineering\2021-2022\Periode 3\Bouwer, Eugene
Gedetecteerd:
	Eugene Bouwer(3555371) (IZ|Regale B.V.)-InfraConnect: Stroomlijnen van Data Toegankelijkheid voor Bouw- & Infra Projecten
	18-02-2022: plan van aanpak (1) Eugene Bouwer(3555371) "" [nieuw] ()
	01-04-2022: onderzoeksverslag (1) Eugene Bouwer(3555371) "" [nieuw] ()
	02-06-2023: onderzoeksverslag (2) Eugene Bouwer(3555371) "" [nieuw] ()
	02-06-2023: technisch verslag (1) Eugene Bouwer(3555371) "" [nieuw] ()
Verwerken C:\Users\e3528\NHL...nden\HBO-ICT Afstuderen - Software Engineering\2021-2022\Periode 3\Douma, Wytze
Gedetecteerd:
Verwerken C:\Users\e3528\NHL...-ICT Afstuderen - Software Engineering\2021-2022\Periode 3\Duim, van der, Tycho
Gedetecteerd:
	Tycho van der Duim(4558286) (Sogeti Nederland B.V.)-Digitale herkenning van rijgedrag van een autonoom rijdende auto in een simulator wat betreft snelheid.
Verwerken C:\Users\e3528\NHL...BO-ICT Afstuderen - Software Engineering\2021-2022\Periode 3\Grafhorst, Mathijs
Gedetecteerd:
Verwerken C:\Users\e3528\NHL...\HBO-ICT Afstuderen - Software Engineering\2021-2022\Periode 3\Jong, de, Jasper
Gedetecteerd:
Verwerken C:\Users\e3528\NHL...en\HBO-ICT Afstuderen - Software Engineering\2021-2022\Periode 3\Jongsma, Jesse
Gedetecteerd:
	18-02-2022: plan van aanpak (1) Jesse Jongsma "" [nieuw] ()
	28-10-2022: onderzoeksverslag (1) Jesse Jongsma "" [nieuw] ()
	07-04-2023: onderzoeksverslag (2) Jesse Jongsma "" [nieuw] ()
	20-10-2023: technisch verslag (1) Jesse Jongsma "" [nieuw] ()
Verwerken C:\Users\e3528\NHL...\HBO-ICT Afstuderen - Software Engineering\2021-2022\Periode 3\Klein Ikink, Rob
Gedetecteerd:
	Rob Klein Ikink(4554655) (Centraal Justitieel Incassobureau (CJIB))-CJIB Kanaalstrategie door de business
Verwerken C:\Users\e3528\NHL...nden\HBO-ICT Afstuderen - Software Engineering\2021-2022\Periode 3\Klijn, Dante
Gedetecteerd:
	Dante Klijn(4565908) (Snakeware)-Het content management voor iedereen
Verwerken C:\Users\e3528\NHL...den\HBO-ICT Afstuderen - Software Engineering\2021-2022\Periode 3\Mulder, Marle
Gedetecteerd:
	18-02-2022: plan van aanpak (1) Marle Mulder "" [nieuw] ()
Verwerken C:\Users\e3528\NHL...n\HBO-ICT Afstuderen - Software Engineering\2021-2022\Periode 3\Nguyen, Michael
Gedetecteerd:
Verwerken C:\Users\e3528\NHL Stenden\HBO-ICT Afstuderen - Software Engineering\2021-2022\Periode 3\Pap, Thomas
Gedetecteerd:
	Thomas Pap(4548485) (Sogeti)-Geautomatiseerde test case generatie voor de digital twin
Verwerken C:\Users\e3528\NHL Stenden\HBO-ICT Afstuderen - Software Engineering\2021-2022\Periode 3\Pas, Danny
Gedetecteerd:
	18-02-2022: plan van aanpak (1) Danny Pas "" [nieuw] ()
	01-04-2022: onderzoeksverslag (1) Danny Pas "" [nieuw] ()
	28-10-2022: onderzoeksverslag (2) Danny Pas "" [nieuw] ()
	28-10-2022: technisch verslag (1) Danny Pas "" [nieuw] ()
Verwerken C:\Users\e3528\NHL...den\HBO-ICT Afstuderen - Software Engineering\2021-2022\Periode 3\Rijkers, Gijs
Gedetecteerd:
	18-02-2022: plan van aanpak (1) Gijs Rijkers "" [nieuw] ()
	01-04-2022: onderzoeksverslag (1) Gijs Rijkers "" [nieuw] ()
	10-06-2022: onderzoeksverslag (2) Gijs Rijkers "" [nieuw] ()
	28-10-2022: technisch verslag (1) Gijs Rijkers "" [nieuw] ()
Verwerken C:\Users\e3528\NHL...\HBO-ICT Afstuderen - Software Engineering\2021-2022\Periode 3\Rozendal, Rutger
Gedetecteerd:
Verwerken C:\Users\e3528\NHL Stenden\HBO-ICT Afstuderen - Software Engineering\2021-2022\Periode 3\Smit, Thom
Gedetecteerd:
Verwerken C:\Users\e3528\NHL...BO-ICT Afstuderen - Software Engineering\2021-2022\Periode 3\Stokhorst, Merlijn
Gedetecteerd:
Verwerken C:\Users\e3528\NHL...\HBO-ICT Afstuderen - Software Engineering\2021-2022\Periode 3\Timmerman, Jaron
Gedetecteerd:
	18-02-2022: plan van aanpak (1) Jaron Timmerman "" [nieuw] ()
	17-06-2022: onderzoeksverslag (1) Jaron Timmerman "" [nieuw] ()
	28-10-2022: technisch verslag (1) Jaron Timmerman "" [nieuw] ()
Verwerken C:\Users\e3528\NHL...den\HBO-ICT Afstuderen - Software Engineering\2021-2022\Periode 3\Visser, Kevin
Gedetecteerd:
Verwerken C:\Users\e3528\NHL...\HBO-ICT Afstuderen - Software Engineering\2021-2022\Periode 3\Zwart, de, Thimo
Gedetecteerd:
	18-02-2022: plan van aanpak (1) Thimo de Zwart "" [nieuw] ()
	01-04-2022: onderzoeksverslag (1) Thimo de Zwart "" [nieuw] ()
	28-10-2022: onderzoeksverslag (2) Thimo de Zwart "" [nieuw] ()
	28-10-2022: technisch verslag (1) Thimo de Zwart "" [nieuw] ()
	17-03-2023: technisch verslag (2) Thimo de Zwart "" [nieuw] ()
...Import afgerond (21 nieuwe student-mijlpalen. In directory: 22 directories)
2021-3: C:\Users\e3528\NHL Stenden\HBO-ICT Afstuderen - Software Engineering\2021-2022\Periode 3
--- einde ---
--- start ---
2021-4: C:\Users\e3528\NHL Stenden\HBO-ICT Afstuderen - Software Engineering\2021-2022\Periode 4
Start import van map  C:\Users\e3528\NHL Stenden\HBO-ICT Afstuderen - Software Engineering\2021-2022\Periode 4...
Verwerken C:\Users\e3528\NHL...\HBO-ICT Afstuderen - Software Engineering\2021-2022\Periode 4\Beijaard, Sander
Gedetecteerd:
	13-05-2022: plan van aanpak (1) Sander Beijaard "" [nieuw] ()
	30-05-2022: plan van aanpak (2) Sander Beijaard "" [nieuw] ()
	17-06-2022: onderzoeksverslag (1) Sander Beijaard "" [nieuw] ()
	19-10-2023: onderzoeksverslag (2) Sander Beijaard "" [nieuw] ()
	19-10-2023: technisch verslag (1) Sander Beijaard "" [nieuw] ()
Verwerken C:\Users\e3528\NHL...\HBO-ICT Afstuderen - Software Engineering\2021-2022\Periode 4\Bleeker, Sjimmie
Gedetecteerd:
	13-05-2022: plan van aanpak (1) Sjimmie Bleeker "" [nieuw] ()
	28-10-2022: onderzoeksverslag (1) Sjimmie Bleeker "" [nieuw] ()
	13-01-2023: onderzoeksverslag (2) Sjimmie Bleeker "" [nieuw] ()
	13-01-2023: technisch verslag (1) Sjimmie Bleeker "" [nieuw] ()
Verwerken C:\Users\e3528\NHL...nden\HBO-ICT Afstuderen - Software Engineering\2021-2022\Periode 4\Douma, Wytze
Gedetecteerd:
	13-05-2022: plan van aanpak (1) Wytze Douma "" [nieuw] ()
	13-01-2023: onderzoeksverslag (1) Wytze Douma "" [nieuw] ()
	17-03-2023: onderzoeksverslag (2) Wytze Douma "" [nieuw] ()
	19-05-2023: technisch verslag (1) Wytze Douma "" [nieuw] ()
Verwerken C:\Users\e3528\NHL...-ICT Afstuderen - Software Engineering\2021-2022\Periode 4\Duim, van der, Tycho
Gedetecteerd:
	Tycho van der Duim(4558286) (Sogeti Nederland B.V.)-Digitale herkenning van rijgedrag van een autonoom rijdende auto in een simulator wat betreft snelheid.
	13-05-2022: plan van aanpak (1) Tycho van der Duim(4558286) "" [nieuw] ()
	17-06-2022: onderzoeksverslag (1) Tycho van der Duim(4558286) "" [nieuw] ()
	13-01-2023: onderzoeksverslag (2) Tycho van der Duim(4558286) "" [nieuw] ()
	13-01-2023: technisch verslag (1) Tycho van der Duim(4558286) "" [nieuw] ()
Verwerken C:\Users\e3528\NHL...BO-ICT Afstuderen - Software Engineering\2021-2022\Periode 4\Grafhorst, Mathijs
Gedetecteerd:
	13-05-2022: plan van aanpak (1) Mathijs Grafhorst "" [nieuw] ()
	17-06-2022: onderzoeksverslag (1) Mathijs Grafhorst "" [nieuw] ()
	13-01-2023: onderzoeksverslag (2) Mathijs Grafhorst "" [nieuw] ()
	13-01-2023: technisch verslag (1) Mathijs Grafhorst "" [nieuw] ()
Verwerken C:\Users\e3528\NHL...\HBO-ICT Afstuderen - Software Engineering\2021-2022\Periode 4\Hiemstra, Tsjerk
Gedetecteerd:
Verwerken C:\Users\e3528\NHL...\HBO-ICT Afstuderen - Software Engineering\2021-2022\Periode 4\Jong, de, Jasper
Gedetecteerd:
	13-05-2022: plan van aanpak (1) Jasper de Jong "" [nieuw] ()
	28-10-2022: onderzoeksverslag (1) Jasper de Jong "" [nieuw] ()
Verwerken C:\Users\e3528\NHL...nden\HBO-ICT Afstuderen - Software Engineering\2021-2022\Periode 4\Klijn, Dante
Gedetecteerd:
	Dante Klijn(4565908) (Snakeware)-Het content management voor iedereen
	13-05-2022: plan van aanpak (1) Dante Klijn(4565908) "" [nieuw] ()
	13-01-2023: onderzoeksverslag (1) Dante Klijn(4565908) "" [nieuw] ()
	02-06-2023: onderzoeksverslag (2) Dante Klijn(4565908) "" [nieuw] ()
	02-06-2023: technisch verslag (1) Dante Klijn(4565908) "" [nieuw] ()
Verwerken C:\Users\e3528\NHL...HBO-ICT Afstuderen - Software Engineering\2021-2022\Periode 4\Koopmans, Michael
Gedetecteerd:
	13-05-2022: plan van aanpak (1) Michael Koopmans "" [nieuw] ()
	03-06-2022: plan van aanpak (2) Michael Koopmans "" [nieuw] ()
	28-10-2022: onderzoeksverslag (1) Michael Koopmans "" [nieuw] ()
	27-10-2023: onderzoeksverslag (2) Michael Koopmans "" [nieuw] ()
	20-10-2023: technisch verslag (1) Michael Koopmans "" [nieuw] ()
Verwerken C:\Users\e3528\NHL...BO-ICT Afstuderen - Software Engineering\2021-2022\Periode 4\Laskewitz, Georgie
Gedetecteerd:
	13-05-2022: plan van aanpak (1) Georgie Laskewitz "" [nieuw] ()
Verwerken C:\Users\e3528\NHL...-ICT Afstuderen - Software Engineering\2021-2022\Periode 4\Manzanares, Jonathan
Gedetecteerd:
	13-05-2022: plan van aanpak (1) Jonathan Manzanares "" [nieuw] ()
Verwerken C:\Users\e3528\NHL...n\HBO-ICT Afstuderen - Software Engineering\2021-2022\Periode 4\Nguyen, Michael
Gedetecteerd:
	13-05-2022: plan van aanpak (1) Michael Nguyen "" [nieuw] ()
	17-06-2022: onderzoeksverslag (1) Michael Nguyen "" [nieuw] ()
	13-01-2023: technisch verslag (1) Michael Nguyen "" [nieuw] ()
Verwerken C:\Users\e3528\NHL Stenden\HBO-ICT Afstuderen - Software Engineering\2021-2022\Periode 4\Nguyen, Nam
Gedetecteerd:
	13-05-2022: plan van aanpak (1) Nam Nguyen "" [nieuw] ()
Verwerken C:\Users\e3528\NHL...O-ICT Afstuderen - Software Engineering\2021-2022\Periode 4\Oosterwegel, Jorunn
Gedetecteerd:
	Jorunn Oosterwegel(3531391) (Batenburg Beenen)-Data Historian en het visualiseren van fabrieksdata
	13-05-2022: plan van aanpak (1) Jorunn Oosterwegel(3531391) "" [nieuw] ()
Verwerken C:\Users\e3528\NHL Stenden\HBO-ICT Afstuderen - Software Engineering\2021-2022\Periode 4\Pas, Danny
Gedetecteerd:
Verwerken C:\Users\e3528\NHL...nden\HBO-ICT Afstuderen - Software Engineering\2021-2022\Periode 4\Poort, Naomi
Gedetecteerd:
	13-05-2022: plan van aanpak (1) Naomi Poort "" [nieuw] ()
	17-06-2022: onderzoeksverslag (1) Naomi Poort "" [nieuw] ()
	17-03-2023: technisch verslag (1) Naomi Poort "" [nieuw] ()
	19-05-2023: technisch verslag (2) Naomi Poort "" [nieuw] ()
Verwerken C:\Users\e3528\NHL...\HBO-ICT Afstuderen - Software Engineering\2021-2022\Periode 4\Rozendal, Rutger
Gedetecteerd:
	13-05-2022: plan van aanpak (1) Rutger Rozendal "" [nieuw] ()
	31-05-2022: plan van aanpak (2) Rutger Rozendal "" [nieuw] ()
	28-10-2022: onderzoeksverslag (1) Rutger Rozendal "" [nieuw] ()
	13-01-2023: onderzoeksverslag (2) Rutger Rozendal "" [nieuw] ()
	13-01-2023: technisch verslag (1) Rutger Rozendal "" [nieuw] ()
	17-03-2023: technisch verslag (2) Rutger Rozendal "" [nieuw] ()
Verwerken C:\Users\e3528\NHL...den\HBO-ICT Afstuderen - Software Engineering\2021-2022\Periode 4\Slomp, Robert
Gedetecteerd:
	Robert Slomp(3417904) (Compano B.V.)-Het ontwerpen en ontwikkelen van een Digital Asset Management systeem voor Compano.
Verwerken C:\Users\e3528\NHL Stenden\HBO-ICT Afstuderen - Software Engineering\2021-2022\Periode 4\Smit, Thom
Gedetecteerd:
Verwerken C:\Users\e3528\NHL...den\HBO-ICT Afstuderen - Software Engineering\2021-2022\Periode 4\Spithost, Pim
Gedetecteerd:
	13-05-2022: plan van aanpak (1) Pim Spithost "" [nieuw] ()
	25-05-2022: plan van aanpak (2) Pim Spithost "" [nieuw] ()
	13-01-2023: onderzoeksverslag (1) Pim Spithost "" [nieuw] ()
	17-03-2023: onderzoeksverslag (2) Pim Spithost "" [nieuw] ()
	17-03-2023: technisch verslag (1) Pim Spithost "" [nieuw] ()
	02-06-2023: technisch verslag (2) Pim Spithost "" [nieuw] ()
Verwerken C:\Users\e3528\NHL...BO-ICT Afstuderen - Software Engineering\2021-2022\Periode 4\Stokhorst, Merlijn
Gedetecteerd:
Verwerken C:\Users\e3528\NHL...den\HBO-ICT Afstuderen - Software Engineering\2021-2022\Periode 4\Visser, Kevin
Gedetecteerd:
	13-05-2022: plan van aanpak (1) Kevin Visser "" [nieuw] ()
	30-01-2023: onderzoeksverslag (1) Kevin Visser "" [nieuw] ()
	02-06-2023: technisch verslag (1) Kevin Visser "" [nieuw] ()
Verwerken C:\Users\e3528\NHL...n\HBO-ICT Afstuderen - Software Engineering\2021-2022\Periode 4\Wagt, de, Joeri
Gedetecteerd:
	Joeri de Wagt(4615646) (Fotocadeau)-Gericht notificeren van medewerkers
Verwerken C:\Users\e3528\NHL...T Afstuderen - Software Engineering\2021-2022\Periode 4\Wolfswinkel, van, Janek
Gedetecteerd:
	13-05-2022: plan van aanpak (1) Janek van Wolfswinkel "" [nieuw] ()
	02-06-2022: plan van aanpak (2) Janek van Wolfswinkel "" [nieuw] ()
	28-10-2022: onderzoeksverslag (1) Janek van Wolfswinkel "" [nieuw] ()
	13-01-2023: technisch verslag (1) Janek van Wolfswinkel "" [nieuw] ()
Verwerken C:\Users\e3528\NHL...HBO-ICT Afstuderen - Software Engineering\2021-2022\Periode 4\Woudstra, Leander
Gedetecteerd:
	13-05-2022: plan van aanpak (1) Leander Woudstra "" [nieuw] ()
	17-06-2022: onderzoeksverslag (1) Leander Woudstra "" [nieuw] ()
	13-01-2023: onderzoeksverslag (2) Leander Woudstra "" [nieuw] ()
	13-01-2023: technisch verslag (1) Leander Woudstra "" [nieuw] ()
...Import afgerond (25 nieuwe student-mijlpalen. In directory: 26 directories)
2021-4: C:\Users\e3528\NHL Stenden\HBO-ICT Afstuderen - Software Engineering\2021-2022\Periode 4
--- einde ---
--- start ---
2022-1: C:\Users\e3528\NHL Stenden\HBO-ICT Afstuderen - Software Engineering\2022-2023\Periode 1
Start import van map  C:\Users\e3528\NHL Stenden\HBO-ICT Afstuderen - Software Engineering\2022-2023\Periode 1...
Verwerken C:\Users\e3528\NHL Stenden\HBO-ICT Afstuderen - Software Engineering\2022-2023\Periode 1\Blok, Jacco
Gedetecteerd:
	Jacco Blok(4596706) (ChipSoft BV)-Stand-alone live performance tool
Verwerken C:\Users\e3528\NHL Stenden\HBO-ICT Afstuderen - Software Engineering\2022-2023\Periode 1\Chen, Kevin
Gedetecteerd:
	Kevin Chen(3517488) (CIMSOLUTIONS)-Detectiesysteem gebruik kantoorruimtes CIMSOLUTIONS
Verwerken C:\Users\e3528\NHL...\HBO-ICT Afstuderen - Software Engineering\2022-2023\Periode 1\Hiemstra, Tsjerk
Gedetecteerd:
Verwerken C:\Users\e3528\NHL...-ICT Afstuderen - Software Engineering\2022-2023\Periode 1\Hoekstra, Jan Sietze
Gedetecteerd:
	27-11-2021: plan van aanpak (1) Jan Sietze Hoekstra "" [nieuw] ()
	17-02-2023: plan van aanpak (2) Jan Sietze Hoekstra "" [nieuw] ()
	07-04-2023: onderzoeksverslag (1) Jan Sietze Hoekstra "" [nieuw] ()
Verwerken C:\Users\e3528\NHL...en\HBO-ICT Afstuderen - Software Engineering\2022-2023\Periode 1\Huisman, Kevin
Gedetecteerd:
	Kevin Huisman(3523038) (Sieval)-WoonTotaal Industry Automatisatie
	19-09-2022: plan van aanpak (1) Kevin Huisman(3523038) "" [nieuw] ()
	30-09-2022: plan van aanpak (2) Kevin Huisman(3523038) "" [nieuw] ()
	28-10-2022: onderzoeksverslag (1) Kevin Huisman(3523038) "" [nieuw] ()
	02-06-2023: technisch verslag (1) Kevin Huisman(3523038) "" [nieuw] ()
Verwerken C:\Users\e3528\NHL...\HBO-ICT Afstuderen - Software Engineering\2022-2023\Periode 1\Klein Ikink, Rob
Gedetecteerd:
	Rob Klein Ikink(4554655) (Centraal Justitieel Incassobureau (CJIB))-CJIB Kanaalstrategie door de business
	19-09-2022: plan van aanpak (1) Rob Klein Ikink(4554655) "" [nieuw] ()
	28-10-2022: onderzoeksverslag (1) Rob Klein Ikink(4554655) "" [nieuw] ()
	02-06-2023: technisch verslag (1) Rob Klein Ikink(4554655) "" [nieuw] ()
Verwerken C:\Users\e3528\NHL Stenden\HBO-ICT Afstuderen - Software Engineering\2022-2023\Periode 1\Pap, Thomas
Gedetecteerd:
	Thomas Pap(4548485) (Sogeti)-Geautomatiseerde test case generatie voor de digital twin
	23-09-2022: plan van aanpak (1) Thomas Pap(4548485) "" [nieuw] ()
	25-10-2022: plan van aanpak (2) Thomas Pap(4548485) "" [nieuw] ()
	13-01-2023: onderzoeksverslag (1) Thomas Pap(4548485) "" [nieuw] ()
	17-03-2023: technisch verslag (1) Thomas Pap(4548485) "" [nieuw] ()
Verwerken C:\Users\e3528\NHL Stenden\HBO-ICT Afstuderen - Software Engineering\2022-2023\Periode 1\Smit, Thom
Gedetecteerd:
Verwerken C:\Users\e3528\NHL...BO-ICT Afstuderen - Software Engineering\2022-2023\Periode 1\Stokhorst, Merlijn
Gedetecteerd:
	19-09-2022: plan van aanpak (1) Merlijn Stokhorst "" [nieuw] ()
	28-10-2022: onderzoeksverslag (1) Merlijn Stokhorst "" [nieuw] ()
	02-06-2023: onderzoeksverslag (2) Merlijn Stokhorst "" [nieuw] ()
	02-06-2023: technisch verslag (1) Merlijn Stokhorst "" [nieuw] ()
Verwerken C:\Users\e3528\NHL...n\HBO-ICT Afstuderen - Software Engineering\2022-2023\Periode 1\Wagt, de, Joeri
Gedetecteerd:
	Joeri de Wagt(4615646) (Fotocadeau)-Gericht notificeren van medewerkers
	23-09-2022: plan van aanpak (1) Joeri de Wagt(4615646) "" [nieuw] ()
	28-10-2022: onderzoeksverslag (1) Joeri de Wagt(4615646) "" [nieuw] ()
	02-06-2023: onderzoeksverslag (2) Joeri de Wagt(4615646) "" [nieuw] ()
	02-06-2023: technisch verslag (1) Joeri de Wagt(4615646) "" [nieuw] ()
	20-10-2023: technisch verslag (2) Joeri de Wagt(4615646) "" [nieuw] ()
Verwerken C:\Users\e3528\NHL...\HBO-ICT Afstuderen - Software Engineering\2022-2023\Periode 1\Westerdijk, Nick
Gedetecteerd:
	19-09-2022: plan van aanpak (1) Nick Westerdijk "" [nieuw] ()
	18-11-2022: plan van aanpak (2) Nick Westerdijk "" [nieuw] ()
	30-01-2023: onderzoeksverslag (1) Nick Westerdijk "" [nieuw] ()
	02-06-2023: technisch verslag (1) Nick Westerdijk "" [nieuw] ()
...Import afgerond (11 nieuwe student-mijlpalen. In directory: 12 directories)
2022-1: C:\Users\e3528\NHL Stenden\HBO-ICT Afstuderen - Software Engineering\2022-2023\Periode 1
--- einde ---
--- start ---
2022-2: C:\Users\e3528\NHL Stenden\HBO-ICT Afstuderen - Software Engineering\2022-2023\Periode 2
Start import van map  C:\Users\e3528\NHL Stenden\HBO-ICT Afstuderen - Software Engineering\2022-2023\Periode 2...
Verwerken C:\Users\e3528\NHL...HBO-ICT Afstuderen - Software Engineering\2022-2023\Periode 2\Akker, van, Remco
Gedetecteerd:
	Remco van Akker(3500216) (Batenburg Beenen)-Applicatie voor het herkennen van tomatenplanten condities & ziektes door middel van deep learning
	25-11-2022: plan van aanpak (1) Remco van Akker(3500216) "" [nieuw] ()
	06-03-2023: onderzoeksverslag (1) Remco van Akker(3500216) "" [nieuw] ()
	05-06-2023: onderzoeksverslag (2) Remco van Akker(3500216) "" [nieuw] ()
	05-06-2023: technisch verslag (1) Remco van Akker(3500216) "" [nieuw] ()
Verwerken C:\Users\e3528\NHL...en\HBO-ICT Afstuderen - Software Engineering\2022-2023\Periode 2\Albers, Sander
Gedetecteerd:
	Sander Albers(4506340) (ChipSoft)-Natural Language Processing voor het automatiseren van zorg
	25-11-2022: plan van aanpak (1) Sander Albers(4506340) "" [nieuw] ()
	30-01-2023: onderzoeksverslag (1) Sander Albers(4506340) "" [nieuw] ()
	02-06-2023: technisch verslag (1) Sander Albers(4506340) "" [nieuw] ()
Verwerken C:\Users\e3528\NHL...den\HBO-ICT Afstuderen - Software Engineering\2022-2023\Periode 2\Attema, Keanu
Gedetecteerd:
	Keanu Attema(3551821) (Grendel Games B.V.)-Static analysis tools for quality monitoring of Unity 3D projects.
Verwerken C:\Users\e3528\NHL...\HBO-ICT Afstuderen - Software Engineering\2022-2023\Periode 2\Beimers, Greyson
Gedetecteerd:
	25-11-2022: plan van aanpak (1) Greyson Beimers "" [nieuw] ()
	30-01-2023: onderzoeksverslag (1) Greyson Beimers "" [nieuw] ()
	02-06-2023: onderzoeksverslag (2) Greyson Beimers "" [nieuw] ()
	02-06-2023: technisch verslag (1) Greyson Beimers "" [nieuw] ()
Verwerken C:\Users\e3528\NHL...en\HBO-ICT Afstuderen - Software Engineering\2022-2023\Periode 2\Bleeker, Jelle
Gedetecteerd:
	25-11-2022: plan van aanpak (1) Jelle Bleeker "" [nieuw] ()
	30-01-2023: onderzoeksverslag (1) Jelle Bleeker "" [nieuw] ()
	20-10-2023: technisch verslag (1) Jelle Bleeker "" [nieuw] ()
Verwerken C:\Users\e3528\NHL Stenden\HBO-ICT Afstuderen - Software Engineering\2022-2023\Periode 2\Blok, Jacco
Gedetecteerd:
	Jacco Blok(4596706) (ChipSoft BV)-Stand-alone live performance tool
	25-11-2022: plan van aanpak (1) Jacco Blok(4596706) "" [nieuw] ()
	30-01-2023: onderzoeksverslag (1) Jacco Blok(4596706) "" [nieuw] ()
	02-06-2023: technisch verslag (1) Jacco Blok(4596706) "" [nieuw] ()
Verwerken C:\Users\e3528\NHL...en\HBO-ICT Afstuderen - Software Engineering\2022-2023\Periode 2\Boer, de, Nick
Gedetecteerd:
	25-11-2022: plan van aanpak (1) Nick de Boer "" [nieuw] ()
	30-01-2023: onderzoeksverslag (1) Nick de Boer "" [nieuw] ()
	02-06-2023: technisch verslag (1) Nick de Boer "" [nieuw] ()
Verwerken C:\Users\e3528\NHL...n\HBO-ICT Afstuderen - Software Engineering\2022-2023\Periode 2\Boonstra, Kevin
Gedetecteerd:
	Kevin Boonstra(4725115) (Add Noise Internet & Design)-Actueel aanbod Recron
	25-11-2022: plan van aanpak (1) Kevin Boonstra(4725115) "" [nieuw] ()
	23-12-2022: plan van aanpak (2) Kevin Boonstra(4725115) "" [nieuw] ()
	30-01-2023: onderzoeksverslag (1) Kevin Boonstra(4725115) "" [nieuw] ()
	07-04-2023: onderzoeksverslag (2) Kevin Boonstra(4725115) "" [nieuw] ()
	02-06-2023: technisch verslag (1) Kevin Boonstra(4725115) "" [nieuw] ()
	19-10-2023: technisch verslag (2) Kevin Boonstra(4725115) "" [nieuw] ()
Verwerken C:\Users\e3528\NHL...den\HBO-ICT Afstuderen - Software Engineering\2022-2023\Periode 2\Bouma, Berber
Gedetecteerd:
	Berber Bouma(4727096) (Snakeware New Media B.V.)-De vakantie van de toekomst
Verwerken C:\Users\e3528\NHL Stenden\HBO-ICT Afstuderen - Software Engineering\2022-2023\Periode 2\Chen, Kevin
Gedetecteerd:
	Kevin Chen(3517488) (CIMSOLUTIONS)-Detectiesysteem gebruik kantoorruimtes CIMSOLUTIONS
Verwerken C:\Users\e3528\NHL...nden\HBO-ICT Afstuderen - Software Engineering\2022-2023\Periode 2\Cheng, Micky
Gedetecteerd:
	25-11-2022: plan van aanpak (1) Micky Cheng "" [nieuw] ()
	07-04-2023: onderzoeksverslag (1) Micky Cheng "" [nieuw] ()
Verwerken C:\Users\e3528\NHL...\HBO-ICT Afstuderen - Software Engineering\2022-2023\Periode 2\Engelman, Steven
Gedetecteerd:
	25-11-2022: plan van aanpak (1) Steven Engelman "" [nieuw] ()
	30-01-2023: onderzoeksverslag (1) Steven Engelman "" [nieuw] ()
	07-04-2023: onderzoeksverslag (2) Steven Engelman "" [nieuw] ()
	02-06-2023: technisch verslag (1) Steven Engelman "" [nieuw] ()
Verwerken C:\Users\e3528\NHL...n\HBO-ICT Afstuderen - Software Engineering\2022-2023\Periode 2\Graaf, de, Joop
Gedetecteerd:
	Joop de Graaf(4575741) (De Haan Westerhoff)-Het optimaliseren van de digitale bedrijfsprocessen op de afdeling planning en de planningsdata beschikbaar maken voor de andere afdelingen van DHW.
Verwerken C:\Users\e3528\NHL...O-ICT Afstuderen - Software Engineering\2022-2023\Periode 2\Haan, de, Alexander
Gedetecteerd:
	Alexander de Haan(4767187) (Mobilea)-Slimme thuismeetapp voor de zorg
Verwerken C:\Users\e3528\NHL...\HBO-ICT Afstuderen - Software Engineering\2022-2023\Periode 2\Heij, de, Gerrit
Gedetecteerd:
	Gerrit de Heij(4729684) (Internetbureau Speak)-Opvangkostencalculator applicatie voor kinderopvangen
Verwerken C:\Users\e3528\NHL...HBO-ICT Afstuderen - Software Engineering\2022-2023\Periode 2\Heppener, Timothy
Gedetecteerd:
	25-11-2022: plan van aanpak (1) Timothy Heppener "" [nieuw] ()
	30-01-2023: onderzoeksverslag (1) Timothy Heppener "" [nieuw] ()
	02-06-2023: technisch verslag (1) Timothy Heppener "" [nieuw] ()
Verwerken C:\Users\e3528\NHL...n\HBO-ICT Afstuderen - Software Engineering\2022-2023\Periode 2\Hettinga, Kobus
Gedetecteerd:
	Kobus Hettinga(4687426) (Compano)-Compano Ontwikkelaars Portaal
Verwerken C:\Users\e3528\NHL...-ICT Afstuderen - Software Engineering\2022-2023\Periode 2\Horst, van der, Erik
Gedetecteerd:
	Erik van der Horst(4711416) (Buuut)-CompanyCheck 
	25-11-2022: plan van aanpak (1) Erik van der Horst(4711416) "" [nieuw] ()
	30-01-2023: onderzoeksverslag (1) Erik van der Horst(4711416) "" [nieuw] ()
	02-06-2023: technisch verslag (1) Erik van der Horst(4711416) "" [nieuw] ()
Verwerken C:\Users\e3528\NHL...n\HBO-ICT Afstuderen - Software Engineering\2022-2023\Periode 2\Huizenga, Rienk
Gedetecteerd:
	25-11-2022: plan van aanpak (1) Rienk Huizenga "" [nieuw] ()
	30-01-2023: onderzoeksverslag (1) Rienk Huizenga "" [nieuw] ()
	02-06-2023: technisch verslag (1) Rienk Huizenga "" [nieuw] ()
	27-10-2023: technisch verslag (2) Rienk Huizenga "" [nieuw] ()
Verwerken C:\Users\e3528\NHL...en\HBO-ICT Afstuderen - Software Engineering\2022-2023\Periode 2\Ibric, Elvedin
Gedetecteerd:
	25-11-2022: plan van aanpak (1) Elvedin Ibric "" [nieuw] ()
	30-01-2023: onderzoeksverslag (1) Elvedin Ibric "" [nieuw] ()
	07-04-2023: onderzoeksverslag (2) Elvedin Ibric "" [nieuw] ()
	02-06-2023: technisch verslag (1) Elvedin Ibric "" [nieuw] ()
Verwerken C:\Users\e3528\NHL...O-ICT Afstuderen - Software Engineering\2022-2023\Periode 2\Kerkstra, Jitze Jan
Gedetecteerd:
	Jitze Jan Kerkstra(4529480) (Justitile Informatiedienst)-Afstudeeropdracht Chip Testcase Applicatie
	25-11-2022: plan van aanpak (1) Jitze Jan Kerkstra(4529480) "" [nieuw] ()
	30-01-2023: onderzoeksverslag (1) Jitze Jan Kerkstra(4529480) "" [nieuw] ()
	02-06-2023: technisch verslag (1) Jitze Jan Kerkstra(4529480) "" [nieuw] ()
Verwerken C:\Users\e3528\NHL...HBO-ICT Afstuderen - Software Engineering\2022-2023\Periode 2\Kooistra, Yannick
Gedetecteerd:
	Yannick Kooistra(3478237) (Dok.Works B.V.)-Gebruikersapplicatie voor genereren kennisgedragen documenten aan de hand van modellen.
Verwerken C:\Users\e3528\NHL...ICT Afstuderen - Software Engineering\2022-2023\Periode 2\Leij, van der, Justin
WAARSCHUWING: Soort verslag "" niet herkend.
Gedetecteerd:
	Justin van der Leij(4736028) (Snakeware New Media B.V.)-Serious Game Platform 5. Wat is de aanleiding voor de opdracht? Snakeware is al jarenlang een toonaangevende partij in de realisatie van online proposities. Ze zien de potentie van toekomstige platformen zoals Meta en willen graag in een vroeg stadium hierop de mogelijkheden onderzoeken.  Game development en Serious Gaming zijn voor Snakeware de logische vervolgstappen op de huidige behoefte van hun klanten. Snakeware wil graag kennis en ervaring opdoen in deze voor hen nieuwe markt.
	25-11-2022: plan van aanpak (1) Justin van der Leij(4736028) "" [nieuw] ()
	30-01-2023: onderzoeksverslag (1) Justin van der Leij(4736028) "" [nieuw] ()
	02-06-2023: technisch verslag (1) Justin van der Leij(4736028) "" [nieuw] ()
Verwerken C:\Users\e3528\NHL Stenden\HBO-ICT Afstuderen - Software Engineering\2022-2023\Periode 2\Lont, Abe
Gedetecteerd:
	25-11-2022: plan van aanpak (1) Abe Lont "" [nieuw] ()
	30-01-2023: onderzoeksverslag (1) Abe Lont "" [nieuw] ()
	02-06-2023: technisch verslag (1) Abe Lont "" [nieuw] ()
Verwerken C:\Users\e3528\NHL...en\HBO-ICT Afstuderen - Software Engineering\2022-2023\Periode 2\Molenaar, Koen
Gedetecteerd:
	25-11-2022: plan van aanpak (1) Koen Molenaar "" [nieuw] ()
	30-01-2023: onderzoeksverslag (1) Koen Molenaar "" [nieuw] ()
	07-04-2023: onderzoeksverslag (2) Koen Molenaar "" [nieuw] ()
	02-06-2023: technisch verslag (1) Koen Molenaar "" [nieuw] ()
Verwerken C:\Users\e3528\NHL...n\HBO-ICT Afstuderen - Software Engineering\2022-2023\Periode 2\Nicolai, Jochum
Gedetecteerd:
	Jochum Nicolai(3401269) (ChipSoft)-Allergie- en contra-indicatieverificatie via zorgportaal
Verwerken C:\Users\e3528\NHL...n\HBO-ICT Afstuderen - Software Engineering\2022-2023\Periode 2\Norden, Patrick
Gedetecteerd:
	Patrick Norden(4688023) (AppMachine B.V.)-Salesforce module bouwen voor no code app builder
Verwerken C:\Users\e3528\NHL...nden\HBO-ICT Afstuderen - Software Engineering\2022-2023\Periode 2\Postma, Jorn
Gedetecteerd:
	Jorn Postma(S4672933) (HDM Pipelines)-Een portaal voor het afhandelen van KLIC-meldingen
Verwerken C:\Users\e3528\NHL...\HBO-ICT Afstuderen - Software Engineering\2022-2023\Periode 2\Rauwerda, Keimpe
Gedetecteerd:
	Keimpe Rauwerda(4693698) (Faber Audiovisuals B.V.)-Voorraadbeheersysteem reparatieafdeling
Verwerken C:\Users\e3528\NHL Stenden\HBO-ICT Afstuderen - Software Engineering\2022-2023\Periode 2\Reij, Nando
Gedetecteerd:
	Nando Reij(4700082) (Sogeti Nederland B.V.)-Digitale herkenning van rijgedrag van een autonoom rijdende auto in een simulator.
Verwerken C:\Users\e3528\NHL...O-ICT Afstuderen - Software Engineering\2022-2023\Periode 2\Schagen, van, Peter
Gedetecteerd:
	Peter van Schagen(519642) (ZiuZ)-Onderzoek, ontwerp en bouw software systeem voor de hardware van de pillen teller.
Verwerken C:\Users\e3528\NHL...en\HBO-ICT Afstuderen - Software Engineering\2022-2023\Periode 2\Sibma, Hendrik
Gedetecteerd:
Verwerken C:\Users\e3528\NHL...\HBO-ICT Afstuderen - Software Engineering\2022-2023\Periode 2\Sijbesma, Stefan
Gedetecteerd:
	Stefan Sijbesma(4677900) (Valk Digital)-Interprocescommunicatie tussen systemen om data samen te brengen.
	25-11-2022: plan van aanpak (1) Stefan Sijbesma(4677900) "" [nieuw] ()
	07-04-2023: onderzoeksverslag (1) Stefan Sijbesma(4677900) "" [nieuw] ()
	02-06-2023: technisch verslag (1) Stefan Sijbesma(4677900) "" [nieuw] ()
Verwerken C:\Users\e3528\NHL...den\HBO-ICT Afstuderen - Software Engineering\2022-2023\Periode 2\Slomp, Robert
Gedetecteerd:
	Robert Slomp(3417904) (Compano B.V.)-Het ontwerpen en ontwikkelen van een Digital Asset Management systeem voor Compano.
Verwerken C:\Users\e3528\NHL Stenden\HBO-ICT Afstuderen - Software Engineering\2022-2023\Periode 2\Smit, Thom
Gedetecteerd:
	25-11-2022: plan van aanpak (1) Thom Smit "" [nieuw] ()
	30-01-2023: onderzoeksverslag (1) Thom Smit "" [nieuw] ()
	02-06-2023: onderzoeksverslag (2) Thom Smit "" [nieuw] ()
	02-06-2023: technisch verslag (1) Thom Smit "" [nieuw] ()
	20-10-2023: technisch verslag (2) Thom Smit "" [nieuw] ()
Verwerken C:\Users\e3528\NHL Stenden\HBO-ICT Afstuderen - Software Engineering\2022-2023\Periode 2\Span, Jesse
Gedetecteerd:
	25-11-2022: plan van aanpak (1) Jesse Span "" [nieuw] ()
	30-01-2023: onderzoeksverslag (1) Jesse Span "" [nieuw] ()
	02-06-2023: onderzoeksverslag (2) Jesse Span "" [nieuw] ()
	02-06-2023: technisch verslag (1) Jesse Span "" [nieuw] ()
	20-10-2023: technisch verslag (2) Jesse Span "" [nieuw] ()
Verwerken C:\Users\e3528\NHL...HBO-ICT Afstuderen - Software Engineering\2022-2023\Periode 2\Steenhuis, Jasper
Gedetecteerd:
	Jasper Steenhuis(4523296) (HarvestDigital)-Vliegticket Boekingssysteem voor Reisbureaus
Verwerken C:\Users\e3528\NHL...O-ICT Afstuderen - Software Engineering\2022-2023\Periode 2\Stekelenburg, Frank
Gedetecteerd:
	25-11-2022: plan van aanpak (1) Frank Stekelenburg "" [nieuw] ()
	30-01-2023: onderzoeksverslag (1) Frank Stekelenburg "" [nieuw] ()
	26-04-2023: onderzoeksverslag (2) Frank Stekelenburg "" [nieuw] ()
	02-06-2023: technisch verslag (1) Frank Stekelenburg "" [nieuw] ()
Verwerken C:\Users\e3528\NHL...nden\HBO-ICT Afstuderen - Software Engineering\2022-2023\Periode 2\Tolsma, Daan
Gedetecteerd:
Verwerken C:\Users\e3528\NHL...den\HBO-ICT Afstuderen - Software Engineering\2022-2023\Periode 2\Trommel, Daan
Gedetecteerd:
Verwerken C:\Users\e3528\NHL...en\HBO-ICT Afstuderen - Software Engineering\2022-2023\Periode 2\Urk, van, Nick
WAARSCHUWING: Soort verslag "" niet herkend.
Gedetecteerd:
	Nick van Urk(3480487) (Sweco)-BGT 3D Visualisatie
Verwerken C:\Users\e3528\NHL...HBO-ICT Afstuderen - Software Engineering\2022-2023\Periode 2\Veen, van, Julian
Gedetecteerd:
	Julian van Veen(S4692519) (ITMatic)-Logis Dashboard
	25-11-2022: plan van aanpak (1) Julian van Veen(S4692519) "" [nieuw] ()
	30-01-2023: onderzoeksverslag (1) Julian van Veen(S4692519) "" [nieuw] ()
	02-06-2023: onderzoeksverslag (2) Julian van Veen(S4692519) "" [nieuw] ()
	02-06-2023: technisch verslag (1) Julian van Veen(S4692519) "" [nieuw] ()
Verwerken C:\Users\e3528\NHL...nden\HBO-ICT Afstuderen - Software Engineering\2022-2023\Periode 2\Vlasman, Jan
Gedetecteerd:
	Jan Vlasman(4548000) (Justitile Informatiedienst)-Dashboard Paspoortanalyse
Verwerken C:\Users\e3528\NHL...studeren - Software Engineering\2022-2023\Periode 2\Werf, van der, Klaas Skelte
Gedetecteerd:
	25-11-2022: plan van aanpak (1) Klaas Skelte van der Werf "" [nieuw] ()
	30-01-2023: onderzoeksverslag (1) Klaas Skelte van der Werf "" [nieuw] ()
	02-06-2023: technisch verslag (1) Klaas Skelte van der Werf "" [nieuw] ()
Verwerken C:\Users\e3528\NHL...den\HBO-ICT Afstuderen - Software Engineering\2022-2023\Periode 2\Wezelman, Bob
Gedetecteerd:
	Bob Wezelman(4538404) (Kobalt Digital)-Goods4Europe
Verwerken C:\Users\e3528\NHL...en\HBO-ICT Afstuderen - Software Engineering\2022-2023\Periode 2\Wiersma, Hieke
Gedetecteerd:
	25-11-2022: plan van aanpak (1) Hieke Wiersma "" [nieuw] ()
	30-01-2023: onderzoeksverslag (1) Hieke Wiersma "" [nieuw] ()
	02-06-2023: technisch verslag (1) Hieke Wiersma "" [nieuw] ()
Verwerken C:\Users\e3528\NHL...CT Afstuderen - Software Engineering\2022-2023\Periode 2\Wolthuizen, Kleis Auke
Gedetecteerd:
	Kleis Auke Wolthuizen(3475025) (Lectoraat Computer Vision & Data Science)-Crowd-sourced platform voor deep learning-modellen
...Import afgerond (47 nieuwe student-mijlpalen. In directory: 48 directories)
2022-2: C:\Users\e3528\NHL Stenden\HBO-ICT Afstuderen - Software Engineering\2022-2023\Periode 2
--- einde ---
--- start ---
2022-3: C:\Users\e3528\NHL Stenden\HBO-ICT Afstuderen - Software Engineering\2022-2023\Periode 3
Start import van map  C:\Users\e3528\NHL Stenden\HBO-ICT Afstuderen - Software Engineering\2022-2023\Periode 3...
Verwerken C:\Users\e3528\NHL...den\HBO-ICT Afstuderen - Software Engineering\2022-2023\Periode 3\Attema, Keanu
Gedetecteerd:
	Keanu Attema(3551821) (Grendel Games B.V.)-Static analysis tools for quality monitoring of Unity 3D projects.
Verwerken C:\Users\e3528\NHL...den\HBO-ICT Afstuderen - Software Engineering\2022-2023\Periode 3\Beckers, Tigo
Gedetecteerd:
	Tigo Beckers(4716485) (XMPL)-Subscription Management System voor afhandeling van abonnementen en toegang tot de aangekochte software.
	17-02-2023: plan van aanpak (1) Tigo Beckers(4716485) "" [nieuw] ()
	07-04-2023: onderzoeksverslag (1) Tigo Beckers(4716485) "" [nieuw] ()
	19-10-2023: technisch verslag (1) Tigo Beckers(4716485) "" [nieuw] ()
Verwerken C:\Users\e3528\NHL...den\HBO-ICT Afstuderen - Software Engineering\2022-2023\Periode 3\Bouma, Berber
WAARSCHUWING: Soort verslag "" niet herkend.
WAARSCHUWING: Soort verslag "" niet herkend.
Gedetecteerd:
	Berber Bouma(4727096) (Snakeware New Media B.V.)-De vakantie van de toekomst
	17-02-2023: plan van aanpak (1) Berber Bouma(4727096) "" [nieuw] ()
	07-04-2023: onderzoeksverslag (1) Berber Bouma(4727096) "" [nieuw] ()
	20-10-2023: technisch verslag (1) Berber Bouma(4727096) "" [nieuw] ()
Verwerken C:\Users\e3528\NHL Stenden\HBO-ICT Afstuderen - Software Engineering\2022-2023\Periode 3\Chen, Kevin
Gedetecteerd:
	Kevin Chen(3517488) (CIMSOLUTIONS)-Detectiesysteem gebruik kantoorruimtes CIMSOLUTIONS
	17-02-2023: plan van aanpak (1) Kevin Chen(3517488) "" [nieuw] ()
	07-04-2023: onderzoeksverslag (1) Kevin Chen(3517488) "" [nieuw] ()
Verwerken C:\Users\e3528\NHL...n\HBO-ICT Afstuderen - Software Engineering\2022-2023\Periode 3\Graaf, de, Joop
Gedetecteerd:
	Joop de Graaf(4575741) (De Haan Westerhoff)-Het optimaliseren van de digitale bedrijfsprocessen op de afdeling planning en de planningsdata beschikbaar maken voor de andere afdelingen van DHW.
	17-02-2023: plan van aanpak (1) Joop de Graaf(4575741) "" [nieuw] ()
	07-04-2023: onderzoeksverslag (1) Joop de Graaf(4575741) "" [nieuw] ()
	20-10-2023: technisch verslag (1) Joop de Graaf(4575741) "" [nieuw] ()
Verwerken C:\Users\e3528\NHL...O-ICT Afstuderen - Software Engineering\2022-2023\Periode 3\Haan, de, Alexander
Gedetecteerd:
	Alexander de Haan(4767187) (Mobilea)-Slimme thuismeetapp voor de zorg
	17-02-2023: plan van aanpak (1) Alexander de Haan(4767187) "" [nieuw] ()
	07-04-2023: onderzoeksverslag (1) Alexander de Haan(4767187) "" [nieuw] ()
	20-10-2023: onderzoeksverslag (2) Alexander de Haan(4767187) "" [nieuw] ()
	20-10-2023: technisch verslag (1) Alexander de Haan(4767187) "" [nieuw] ()
Verwerken C:\Users\e3528\NHL...\HBO-ICT Afstuderen - Software Engineering\2022-2023\Periode 3\Heij, de, Gerrit
Gedetecteerd:
	Gerrit de Heij(4729684) (Internetbureau Speak)-Opvangkostencalculator applicatie voor kinderopvangen
	17-02-2023: plan van aanpak (1) Gerrit de Heij(4729684) "" [nieuw] ()
	14-03-2023: plan van aanpak (2) Gerrit de Heij(4729684) "" [nieuw] ()
	07-04-2023: onderzoeksverslag (1) Gerrit de Heij(4729684) "" [nieuw] ()
	23-06-2023: onderzoeksverslag (2) Gerrit de Heij(4729684) "" [nieuw] ()
	20-10-2023: technisch verslag (1) Gerrit de Heij(4729684) "" [nieuw] ()
Verwerken C:\Users\e3528\NHL...n\HBO-ICT Afstuderen - Software Engineering\2022-2023\Periode 3\Hettinga, Kobus
Gedetecteerd:
	Kobus Hettinga(4687426) (Compano)-Compano Ontwikkelaars Portaal
	17-02-2023: plan van aanpak (1) Kobus Hettinga(4687426) "" [nieuw] ()
	07-04-2023: onderzoeksverslag (1) Kobus Hettinga(4687426) "" [nieuw] ()
Verwerken C:\Users\e3528\NHL...HBO-ICT Afstuderen - Software Engineering\2022-2023\Periode 3\Kooistra, Yannick
Gedetecteerd:
	Yannick Kooistra(3478237) (Dok.Works B.V.)-Gebruikersapplicatie voor genereren kennisgedragen documenten aan de hand van modellen.
Verwerken C:\Users\e3528\NHL...HBO-ICT Afstuderen - Software Engineering\2022-2023\Periode 3\Kruizinga, Jasper
Gedetecteerd:
	Jasper Kruizinga(3483591) (THALES NEDERLAND B.V.)-Build configurable data filter for virtual secure gateway naval domain.
Verwerken C:\Users\e3528\NHL...n\HBO-ICT Afstuderen - Software Engineering\2022-2023\Periode 3\Norden, Patrick
WAARSCHUWING: Soort verslag "" niet herkend.
Gedetecteerd:
	Patrick Norden(4688023) (AppMachine B.V.)-Salesforce module bouwen voor no code app builder
	17-02-2023: plan van aanpak (1) Patrick Norden(4688023) "" [nieuw] ()
	07-04-2023: onderzoeksverslag (1) Patrick Norden(4688023) "" [nieuw] ()
	19-10-2023: technisch verslag (1) Patrick Norden(4688023) "" [nieuw] ()
Verwerken C:\Users\e3528\NHL...HBO-ICT Afstuderen - Software Engineering\2022-2023\Periode 3\Oosten, van, Jimi
Gedetecteerd:
	Jimi van Oosten(3556785) (ChipSoft BV)-Objectdetectie in HiX
	17-02-2023: plan van aanpak (1) Jimi van Oosten(3556785) "" [nieuw] ()
	07-04-2023: onderzoeksverslag (1) Jimi van Oosten(3556785) "" [nieuw] ()
	20-10-2023: technisch verslag (1) Jimi van Oosten(3556785) "" [nieuw] ()
Verwerken C:\Users\e3528\NHL...O-ICT Afstuderen - Software Engineering\2022-2023\Periode 3\Poll, van de, Jarno
Gedetecteerd:
	Jarno van de Poll(4699475) (ATOS)-Ontwikkelen van een performance management tool
	17-02-2023: plan van aanpak (1) Jarno van de Poll(4699475) "" [nieuw] ()
	07-04-2023: onderzoeksverslag (1) Jarno van de Poll(4699475) "" [nieuw] ()
	20-10-2023: onderzoeksverslag (2) Jarno van de Poll(4699475) "" [nieuw] ()
	20-10-2023: technisch verslag (1) Jarno van de Poll(4699475) "" [nieuw] ()
Verwerken C:\Users\e3528\NHL...nden\HBO-ICT Afstuderen - Software Engineering\2022-2023\Periode 3\Postma, Jorn
Gedetecteerd:
	Jorn Postma(S4672933) (HDM Pipelines)-Een portaal voor het afhandelen van KLIC-meldingen
	17-02-2023: plan van aanpak (1) Jorn Postma(S4672933) "" [nieuw] ()
	07-04-2023: onderzoeksverslag (1) Jorn Postma(S4672933) "" [nieuw] ()
	17-10-2023: technisch verslag (1) Jorn Postma(S4672933) "" [nieuw] ()
Verwerken C:\Users\e3528\NHL...\HBO-ICT Afstuderen - Software Engineering\2022-2023\Periode 3\Rauwerda, Keimpe
Gedetecteerd:
	Keimpe Rauwerda(4693698) (Faber Audiovisuals B.V.)-Voorraadbeheersysteem reparatieafdeling
	07-04-2023: onderzoeksverslag (1) Keimpe Rauwerda(4693698) "" [nieuw] ()
	20-10-2023: onderzoeksverslag (2) Keimpe Rauwerda(4693698) "" [nieuw] ()
	20-10-2023: technisch verslag (1) Keimpe Rauwerda(4693698) "" [nieuw] ()
Verwerken C:\Users\e3528\NHL Stenden\HBO-ICT Afstuderen - Software Engineering\2022-2023\Periode 3\Reij, Nando
Gedetecteerd:
	Nando Reij(4700082) (Sogeti Nederland B.V.)-Digitale herkenning van rijgedrag van een autonoom rijdende auto in een simulator.
Verwerken C:\Users\e3528\NHL...n\HBO-ICT Afstuderen - Software Engineering\2022-2023\Periode 3\Schiphof, Kevin
Gedetecteerd:
	Kevin Schiphof(4719409) (Ambrero)-Stichting Beter Leven Keurmerk Controle Applicatie
Verwerken C:\Users\e3528\NHL...en\HBO-ICT Afstuderen - Software Engineering\2022-2023\Periode 3\Sibma, Hindrik
Gedetecteerd:
	Hindrik Sibma(4684044) (MplusKASSA)-Ontwikkeling van een Print Template Editor en Render Engine
	17-02-2023: plan van aanpak (1) Hindrik Sibma(4684044) "" [nieuw] ()
	07-04-2023: onderzoeksverslag (1) Hindrik Sibma(4684044) "" [nieuw] ()
	20-10-2023: technisch verslag (1) Hindrik Sibma(4684044) "" [nieuw] ()
Verwerken C:\Users\e3528\NHL...den\HBO-ICT Afstuderen - Software Engineering\2022-2023\Periode 3\Slomp, Robert
Gedetecteerd:
	Robert Slomp(3417904) (Compano B.V.)-Het ontwerpen en ontwikkelen van een Digital Asset Management systeem voor Compano.
Verwerken C:\Users\e3528\NHL...HBO-ICT Afstuderen - Software Engineering\2022-2023\Periode 3\Steenhuis, Jasper
Gedetecteerd:
	Jasper Steenhuis(4523296) (HarvestDigital)-Vliegticket Boekingssysteem voor Reisbureaus
Verwerken C:\Users\e3528\NHL...\HBO-ICT Afstuderen - Software Engineering\2022-2023\Periode 3\Stiekema, Dennis
Gedetecteerd:
	Dennis Stiekema(319902) (Chipsoft BV)-Dynamisch switchen van inrichting
	17-02-2023: plan van aanpak (1) Dennis Stiekema(319902) "" [nieuw] ()
	07-04-2023: onderzoeksverslag (1) Dennis Stiekema(319902) "" [nieuw] ()
	20-10-2023: technisch verslag (1) Dennis Stiekema(319902) "" [nieuw] ()
Verwerken C:\Users\e3528\NHL...den\HBO-ICT Afstuderen - Software Engineering\2022-2023\Periode 3\Terra, Joshua
WAARSCHUWING: Soort verslag "" niet herkend.
Gedetecteerd:
	Joshua Terra(4515420) (Van der Let & Partners)-Beeldbank Fotopersburo Heerenveen: Fotoredactie.nl
Verwerken C:\Users\e3528\NHL...en\HBO-ICT Afstuderen - Software Engineering\2022-2023\Periode 3\Urk, van, Nick
Gedetecteerd:
	Nick van Urk(3480487) (Sweco)-BGT 3D Visualisatie
	20-06-2023: onderzoeksverslag (1) Nick van Urk(3480487) "" [nieuw] ()
	19-10-2023: technisch verslag (1) Nick van Urk(3480487) "" [nieuw] ()
Verwerken C:\Users\e3528\NHL...nden\HBO-ICT Afstuderen - Software Engineering\2022-2023\Periode 3\Vlasman, Jan
Gedetecteerd:
	Jan Vlasman(4548000) (Justitile Informatiedienst)-Dashboard Paspoortanalyse
Verwerken C:\Users\e3528\NHL...den\HBO-ICT Afstuderen - Software Engineering\2022-2023\Periode 3\Wezelman, Bob
Gedetecteerd:
	Bob Wezelman(4538404) (Kobalt Digital)-Goods4Europe
	17-02-2023: plan van aanpak (1) Bob Wezelman(4538404) "" [nieuw] ()
	07-04-2023: onderzoeksverslag (1) Bob Wezelman(4538404) "" [nieuw] ()
	17-10-2023: technisch verslag (1) Bob Wezelman(4538404) "" [nieuw] ()
...Import afgerond (25 nieuwe student-mijlpalen. In directory: 26 directories)
2022-3: C:\Users\e3528\NHL Stenden\HBO-ICT Afstuderen - Software Engineering\2022-2023\Periode 3
--- einde ---
--- start ---
2022-4: C:\Users\e3528\NHL Stenden\HBO-ICT Afstuderen - Software Engineering\2022-2023\Periode 4
Start import van map  C:\Users\e3528\NHL Stenden\HBO-ICT Afstuderen - Software Engineering\2022-2023\Periode 4...
Verwerken C:\Users\e3528\NHL...den\HBO-ICT Afstuderen - Software Engineering\2022-2023\Periode 4\Attema, Keanu
Gedetecteerd:
	Keanu Attema(3551821) (Grendel Games B.V.)-Static analysis tools for quality monitoring of Unity 3D projects.
	12-05-2023: plan van aanpak (1) Keanu Attema(3551821) "" [nieuw] ()
	23-06-2023: onderzoeksverslag (1) Keanu Attema(3551821) "" [nieuw] ()
Verwerken C:\Users\e3528\NHL...BO-ICT Afstuderen - Software Engineering\2022-2023\Periode 4\Benckhuisen, Chris
Gedetecteerd:
	Chris Benckhuisen(3493074) (Cin-ergy)-Cin-ergy tussen software en applicatie
	19-09-2023: plan van aanpak (1) Chris Benckhuisen(3493074) "" [nieuw] ()
Verwerken C:\Users\e3528\NHL...den\HBO-ICT Afstuderen - Software Engineering\2022-2023\Periode 4\Elsenga, Rico
Gedetecteerd:
	Rico Elsenga(4737946) (Harvest Digital)-Activation Studio 2.0
Verwerken C:\Users\e3528\NHL...O-ICT Afstuderen - Software Engineering\2022-2023\Periode 4\Holwerda, Jan Minne
Gedetecteerd:
	Jan Minne Holwerda(4569296) (ING Bank NV)-ING Baserates dashboard
Verwerken C:\Users\e3528\NHL...HBO-ICT Afstuderen - Software Engineering\2022-2023\Periode 4\Kruizinga, Jasper
Gedetecteerd:
	Jasper Kruizinga(3483591) (THALES NEDERLAND B.V.)-Build configurable data filter for virtual secure gateway naval domain.
	12-05-2023: plan van aanpak (1) Jasper Kruizinga(3483591) "" [nieuw] ()
	23-06-2023: onderzoeksverslag (1) Jasper Kruizinga(3483591) "" [nieuw] ()
Verwerken C:\Users\e3528\NHL...BO-ICT Afstuderen - Software Engineering\2022-2023\Periode 4\Laskewitz, Georgie
Gedetecteerd:
Verwerken C:\Users\e3528\NHL...n\HBO-ICT Afstuderen - Software Engineering\2022-2023\Periode 4\Nicolai, Jochum
Gedetecteerd:
	Jochum Nicolai(3401269) (ChipSoft)-Allergie- en contra-indicatieverificatie via zorgportaal
	08-05-2023: plan van aanpak (1) Jochum Nicolai(3401269) "" [nieuw] ()
	23-06-2023: onderzoeksverslag (1) Jochum Nicolai(3401269) "" [nieuw] ()
Verwerken C:\Users\e3528\NHL Stenden\HBO-ICT Afstuderen - Software Engineering\2022-2023\Periode 4\Reij, Nando
Gedetecteerd:
	Nando Reij(4700082) (Sogeti Nederland B.V.)-Digitale herkenning van rijgedrag van een autonoom rijdende auto in een simulator.
	12-05-2023: plan van aanpak (1) Nando Reij(4700082) "" [nieuw] ()
	27-10-2023: onderzoeksverslag (1) Nando Reij(4700082) "" [nieuw] ()
Verwerken C:\Users\e3528\NHL...O-ICT Afstuderen - Software Engineering\2022-2023\Periode 4\Schagen, van, Peter
Gedetecteerd:
	Peter van Schagen(519642) (ZiuZ)-Onderzoek, ontwerp en bouw software systeem voor de hardware van de pillen teller.
	12-05-2023: plan van aanpak (1) Peter van Schagen(519642) "" [nieuw] ()
	23-06-2023: onderzoeksverslag (1) Peter van Schagen(519642) "" [nieuw] ()
Verwerken C:\Users\e3528\NHL...n\HBO-ICT Afstuderen - Software Engineering\2022-2023\Periode 4\Schiphof, Kevin
Gedetecteerd:
	Kevin Schiphof(4719409) (Ambrero)-Stichting Beter Leven Keurmerk Controle Applicatie
	12-05-2023: plan van aanpak (1) Kevin Schiphof(4719409) "" [nieuw] ()
	23-06-2023: onderzoeksverslag (1) Kevin Schiphof(4719409) "" [nieuw] ()
Verwerken C:\Users\e3528\NHL...HBO-ICT Afstuderen - Software Engineering\2022-2023\Periode 4\Steenhuis, Jasper
Gedetecteerd:
	Jasper Steenhuis(4523296) (HarvestDigital)-Vliegticket Boekingssysteem voor Reisbureaus
	12-05-2023: plan van aanpak (1) Jasper Steenhuis(4523296) "" [nieuw] ()
	20-10-2023: onderzoeksverslag (1) Jasper Steenhuis(4523296) "" [nieuw] ()
Verwerken C:\Users\e3528\NHL...den\HBO-ICT Afstuderen - Software Engineering\2022-2023\Periode 4\Terra, Joshua
Gedetecteerd:
	Joshua Terra(4515420) (Van der Let & Partners)-Beeldbank Fotopersburo Heerenveen: Fotoredactie.nl
	12-05-2023: plan van aanpak (1) Joshua Terra(4515420) "" [nieuw] ()
Verwerken C:\Users\e3528\NHL...nden\HBO-ICT Afstuderen - Software Engineering\2022-2023\Periode 4\Vlasman, Jan
Gedetecteerd:
	Jan Vlasman(4548000) (Justitile Informatiedienst)-Dashboard Paspoortanalyse
	12-05-2023: plan van aanpak (1) Jan Vlasman(4548000) "" [nieuw] ()
	23-06-2023: onderzoeksverslag (1) Jan Vlasman(4548000) "" [nieuw] ()
Verwerken C:\Users\e3528\NHL...HBO-ICT Afstuderen - Software Engineering\2022-2023\Periode 4\Vries, de, Aldert
Gedetecteerd:
	Aldert de Vries(3377759) (Blue and Red B.V.)-Content Creator voor TDM 5
	12-05-2023: plan van aanpak (1) Aldert de Vries(3377759) "" [nieuw] ()
Verwerken C:\Users\e3528\NHL...O-ICT Afstuderen - Software Engineering\2022-2023\Periode 4\Wal, van der, Niels
Gedetecteerd:
	Niels van der Wal(347717) (HawarIT)-Ontwikkelen van software waarmee vanuit LiDAR opnamen wegmarkering/stoepranden kunnen worden  gekarteerd in een 3D omgeving.
	12-05-2023: plan van aanpak (1) Niels van der Wal(347717) "" [nieuw] ()
	27-10-2023: onderzoeksverslag (1) Niels van der Wal(347717) "" [nieuw] ()
Verwerken C:\Users\e3528\NHL...en\HBO-ICT Afstuderen - Software Engineering\2022-2023\Periode 4\Wit, de, Emiel
Gedetecteerd:
	Emiel de Wit(3507512) (NHL Stenden)-Een server voor bladluisdetectie
...Import afgerond (16 nieuwe student-mijlpalen. In directory: 17 directories)
2022-4: C:\Users\e3528\NHL Stenden\HBO-ICT Afstuderen - Software Engineering\2022-2023\Periode 4
--- einde ---
--- start ---
2023-1: C:\Users\e3528\NHL Stenden\HBO-ICT Afstuderen - Software Engineering\2023-2024
Start import van map  C:\Users\e3528\NHL Stenden\HBO-ICT Afstuderen - Software Engineering\2023-2024...
Verwerken C:\Users\e3528\NHL Stenden\HBO-ICT Afstuderen - Software Engineering\2023-2024\Azawi, Musaab
Gedetecteerd:
	Musaab Azawi(4585259) (Symbiotic)-Ontwikkeling Customisable maken APIs
Verwerken C:\Users\e3528\NHL Stenden\HBO-ICT Afstuderen - Software Engineering\2023-2024\Benckhuisen, Chris
Gedetecteerd:
	Chris Benckhuisen(3493074) (Cin-ergy)-Cin-ergy tussen software en applicatie
Verwerken C:\Users\e3528\NHL Stenden\HBO-ICT Afstuderen - Software Engineering\2023-2024\Booi, Ramon
Gedetecteerd:
Verwerken C:\Users\e3528\NHL Stenden\HBO-ICT Afstuderen - Software Engineering\2023-2024\Bouwer, Eugene
Gedetecteerd:
	Eugene Bouwer(3555371) (IZ|Regale B.V.)-InfraConnect: Stroomlijnen van Data Toegankelijkheid voor Bouw- & Infra Projecten
Verwerken C:\Users\e3528\NHL Stenden\HBO-ICT Afstuderen - Software Engineering\2023-2024\Boven, van, Daan
WAARSCHUWING: Soort verslag "" niet herkend.
Gedetecteerd:
	Daan van Boven(3543225) (Ziuz)-Batch validatie logistiek add-on
Verwerken C:\Users\e3528\NHL Stenden\HBO-ICT Afstuderen - Software Engineering\2023-2024\Celinski, Kevin
Gedetecteerd:
	Kevin Celinski(4537025) (HDM Pipelines)-Een portaal voor het afhandelen van Tracanalyse
Verwerken C:\Users\e3528\NHL Stenden\HBO-ICT Afstuderen - Software Engineering\2023-2024\Drost, Jeffrey
Gedetecteerd:
	Jeffrey Drost(3385379) (Let Things Talk B.V.)-Betrouwbaar alarmeren: Het ontwikkelen van een alarmeringsgateway tussen sensoren en bestaande zorgalarmeringssystemen met local survivability.
Verwerken C:\Users\e3528\NHL Stenden\HBO-ICT Afstuderen - Software Engineering\2023-2024\Duim, van der, Tycho
Gedetecteerd:
	Tycho van der Duim(4558286) (Sogeti Nederland B.V.)-Digitale herkenning van rijgedrag van een autonoom rijdende auto in een simulator wat betreft snelheid.
	27-10-2023: onderzoeksverslag (1) Tycho van der Duim(4558286) "" [nieuw] ()
Verwerken C:\Users\e3528\NHL Stenden\HBO-ICT Afstuderen - Software Engineering\2023-2024\Elsenga, Rico
Gedetecteerd:
	Rico Elsenga(4737946) (Harvest Digital)-Activation Studio 2.0
	16-10-2023: onderzoeksverslag (1) Rico Elsenga(4737946) "" [nieuw] ()
Verwerken C:\Users\e3528\NHL Stenden\HBO-ICT Afstuderen - Software Engineering\2023-2024\Gelder, van, Tjeerd
Gedetecteerd:
	Tjeerd van Gelder(4586409) (ChipSoft BV)-Real-time monitoring van bedbezetting.
	27-10-2023: onderzoeksverslag (1) Tjeerd van Gelder(4586409) "" [nieuw] ()
Verwerken C:\Users\e3528\NHL Stenden\HBO-ICT Afstuderen - Software Engineering\2023-2024\Hoeksma, Auke
WAARSCHUWING: Soort verslag "" niet herkend.
Gedetecteerd:
	Auke Hoeksma(4582632) (PuurICT)-CRM Workflow applicatie
Verwerken C:\Users\e3528\NHL Stenden\HBO-ICT Afstuderen - Software Engineering\2023-2024\Holwerda, Jan Minne
Gedetecteerd:
	Jan Minne Holwerda(4569296) (ING Bank NV)-ING Baserates dashboard
Verwerken C:\Users\e3528\NHL Stenden\HBO-ICT Afstuderen - Software Engineering\2023-2024\Hulshoff, Wytze
Gedetecteerd:
	Wytze Hulshoff(4713109) (Snakeware)-Zoekengine
Verwerken C:\Users\e3528\NHL Stenden\HBO-ICT Afstuderen - Software Engineering\2023-2024\Klijn, Dante
Gedetecteerd:
	Dante Klijn(4565908) (Snakeware)-Het content management voor iedereen
Verwerken C:\Users\e3528\NHL Stenden\HBO-ICT Afstuderen - Software Engineering\2023-2024\Kooistra, Yannick
Gedetecteerd:
	Yannick Kooistra(3478237) (Dok.Works B.V.)-Gebruikersapplicatie voor genereren kennisgedragen documenten aan de hand van modellen.
Verwerken C:\Users\e3528\NHL Stenden\HBO-ICT Afstuderen - Software Engineering\2023-2024\Langendijk, Erik
Gedetecteerd:
	Erik Langendijk(4693973) (Gemeente Leeuwarden)-Vernieuwing Erfpacht administratie
Verwerken C:\Users\e3528\NHL Stenden\HBO-ICT Afstuderen - Software Engineering\2023-2024\Meer, van der, Johan
Gedetecteerd:
	Johan van der Meer(4520815) (Remote Engineer B.V.)-Het standaardiseren en configureren van het datalogsysteem van Remote Engineer
Verwerken C:\Users\e3528\NHL Stenden\HBO-ICT Afstuderen - Software Engineering\2023-2024\Nelisse, Jelke
Gedetecteerd:
	Jelke Nelisse(4609913) (Netsupport)-Framework Development webapps
Verwerken C:\Users\e3528\NHL Stenden\HBO-ICT Afstuderen - Software Engineering\2023-2024\Nguyen, Sang
Gedetecteerd:
	Sang Nguyen(4621042) (Compasity)-Chatbot Verzuimcoach
Verwerken C:\Users\e3528\NHL Stenden\HBO-ICT Afstuderen - Software Engineering\2023-2024\Oosterwegel, Jorunn
Gedetecteerd:
	Jorunn Oosterwegel(3531391) (Batenburg Beenen)-Data Historian en het visualiseren van fabrieksdata
Verwerken C:\Users\e3528\NHL Stenden\HBO-ICT Afstuderen - Software Engineering\2023-2024\Piebenga, Jesse
Gedetecteerd:
	Jesse Piebenga(3428345) (Chipsoft)-Performance tooling Overzichtsgenerator
Verwerken C:\Users\e3528\NHL Stenden\HBO-ICT Afstuderen - Software Engineering\2023-2024\Schippers, Jorrit
Gedetecteerd:
	Jorrit Schippers(4542061) (TRES)-Identity management in een composable landschap
	27-10-2023: onderzoeksverslag (1) Jorrit Schippers(4542061) "" [nieuw] ()
Verwerken C:\Users\e3528\NHL Stenden\HBO-ICT Afstuderen - Software Engineering\2023-2024\Sprenger, Redmar
Gedetecteerd:
Verwerken C:\Users\e3528\NHL...\HBO-ICT Afstuderen - Software Engineering\2023-2024\Tempel, van der, Jelle Jan
Gedetecteerd:
	10-05-2021: plan van aanpak (1) Jelle Jan van der Tempel "" [nieuw] ()
	26-05-2021: plan van aanpak (2) Jelle Jan van der Tempel "" [nieuw] ()
	10-09-2021: plan van aanpak (3) Jelle Jan van der Tempel "" [nieuw] ()
	14-01-2022: onderzoeksverslag (1) Jelle Jan van der Tempel "" [nieuw] ()
	10-06-2022: onderzoeksverslag (2) Jelle Jan van der Tempel "" [nieuw] ()
	25-03-2022: technisch verslag (1) Jelle Jan van der Tempel "" [nieuw] ()
	10-06-2022: technisch verslag (2) Jelle Jan van der Tempel "" [nieuw] ()
	28-10-2022: technisch verslag (3) Jelle Jan van der Tempel "" [nieuw] ()
Verwerken C:\Users\e3528\NHL Stenden\HBO-ICT Afstuderen - Software Engineering\2023-2024\Veen, van, Julian
Gedetecteerd:
	Julian van Veen(S4692519) (ITMatic)-Logis Dashboard
Verwerken C:\Users\e3528\NHL Stenden\HBO-ICT Afstuderen - Software Engineering\2023-2024\Vlasman, Jan
Gedetecteerd:
	Jan Vlasman(4548000) (Justitile Informatiedienst)-Dashboard Paspoortanalyse
Verwerken C:\Users\e3528\NHL Stenden\HBO-ICT Afstuderen - Software Engineering\2023-2024\Vries, de, Hidde
Gedetecteerd:
	Hidde de Vries(3542261) (Dissis B.V.)-Mobilox Voorraadinzicht
	27-10-2023: onderzoeksverslag (1) Hidde de Vries(3542261) "" [nieuw] ()
Verwerken C:\Users\e3528\NHL Stenden\HBO-ICT Afstuderen - Software Engineering\2023-2024\Vries, de, Willem
Gedetecteerd:
	Willem de Vries(4576632) (Sogeti Nederland B.V.)-Interpretatie wetgeving en bepalen verwacht gedrag wat betreft verkeerstekens/regelaars
	27-10-2023: onderzoeksverslag (1) Willem de Vries(4576632) "" [nieuw] ()
Verwerken C:\Users\e3528\NHL Stenden\HBO-ICT Afstuderen - Software Engineering\2023-2024\Wilde, de, Fabian
Gedetecteerd:
	Fabian de Wilde(3558974) (Ohpen Services B.V.)-Kennisbeheer en ondersteuningssysteem bij Ohpen
	30-10-2023: onderzoeksverslag (1) Fabian de Wilde(3558974) "" [nieuw] ()
Verwerken C:\Users\e3528\NHL Stenden\HBO-ICT Afstuderen - Software Engineering\2023-2024\Wit, de, Emiel
Gedetecteerd:
	Emiel de Wit(3507512) (NHL Stenden)-Een server voor bladluisdetectie
	27-10-2023: onderzoeksverslag (1) Emiel de Wit(3507512) "" [nieuw] ()
Verwerken C:\Users\e3528\NHL...nden\HBO-ICT Afstuderen - Software Engineering\2023-2024\Wolthuizen, Kleis Auke
Gedetecteerd:
	Kleis Auke Wolthuizen(3475025) (Lectoraat Computer Vision & Data Science)-Crowd-sourced platform voor deep learning-modellen
...Import afgerond (31 nieuwe student-mijlpalen. In directory: 34 directories)
2023-1: C:\Users\e3528\NHL Stenden\HBO-ICT Afstuderen - Software Engineering\2023-2024
--- einde ---
+++ AAPA stopped +++ 10-11-2023, 17:32:10

