Deleted file - C:\repos\aapa\DEMO\marie\Beoordeling aanvraag Marie van den Akker(34699455) (BUPT bv)-1.pdf
Deleted file - C:\repos\aapa\DEMO\marie\Marie 123.pdf
Deleted file - C:\repos\aapa\DEMO\mark\1. Aanvraag toelating afstuderen.pdf
Deleted file - C:\repos\aapa\DEMO\tammo\Afstudeeropdracht_Tammo_Jan_Tamminga ICN.pdf
Deleted file - C:\repos\aapa\DEMO\tammo\Beoordeling aanvraag Tammo Jan Tamminga(36599455) (ICN Gaswerken)-1.pdf
Deleted file - C:\repos\aapa\DEMO\tessa\afstudeeropdracht tessa 2.pdf
Deleted file - C:\repos\aapa\DEMO\theo\Beoordeling aanvraag Theo Kwaadtvlieg(36567955) (De Chocoladefabriek)-0.pdf
Deleted file - C:\repos\aapa\DEMO\theo\Beoordeling aanvraag Theo Kwaadtvlieg(36567955) (De Chocoladefabriek)-1.pdf
Deleted file - C:\repos\aapa\DEMO\theo\Stageaanvraag - Theo 2.pdf

7-Zip 21.06 (x64) : Copyright (c) 1999-2021 Igor Pavlov : 2021-11-24

Scanning the drive for archives:
1 file, 1301680 bytes (1272 KiB)

Extracting archive: DEMO.zip
--
Path = DEMO.zip
Type = zip
Physical Size = 1301680

Everything is Ok

Folders: 8
Files: 6
Size:       1513636
Compressed: 1301680
