AAPA-Afstudeer Aanvragen Proces Applicatie  versie 0.99
CONFIGURATION:
	ROOT DIRECTORY: <default>: (C:/Users/e3528/NHL Stenden/HBO-ICT Afstuderen - Software Engineering/2022-2023/Periode 3)
	FORMS DIRECTORY: <default>: (C:/Users/e3528/NHL Stenden/HBO-ICT Afstuderen - Software Engineering/2022-2023/Beoordeling aanvragen 2023/Week 5)
	DATABASE: <default>: (aapa.db)
	
OPERATION:
	PROCESS MODE: process
	CREATE REPORT: None
	print configuration info
	preview: True.

--- OPENEN DATABASE aapa.db ---
*** PREVIEW ONLY ***
Start import van map  C:\Users\e3528\NHL Stenden\HBO-ICT Afstuderen - Software Engineering\2022-2023\Periode 3...
: PDF-file (aanvraag) []
: !unknown []
: Formulier beoordeling (Word format) []
C:\Users\e3528\NHL Stenden\HBO-ICT Afstuderen - Software Engineering\2022-2023\Beoordeling aanvragen 2023\Week 2\Beoordeling aanvraag Jasper Kruizinga(3483591) (THALES NEDERLAND B.V.)-1.docx: Ingevuld formulier beoordeling (Word format) [20-01-2023 09:57:22]
C:\Users\e3528\NHL Stenden\HBO-ICT Afstuderen - Software Engineering\2022-2023\Periode 3\Kruizinga, Jasper\Beoordeling aanvraag Jasper Kruizinga(3483591) (THALES NEDERLAND B.V.)-1.pdf: Ingevuld formulier beoordeling (PDF format) [20-01-2023 13:18:41]
C:\Users\e3528\NHL Stenden\HBO-ICT Afstuderen - Software Engineering\2022-2023\aapa\mail_temp\Mail Jasper Kruizinga(3483591) (THALES NEDERLAND B.V.)-1.docx: Kopie van PDF-file (aanvraag) [20-01-2023 13:32:47]
<class 'datetime.datetime'> 2022-07-05 10:12:04 Jacco Blok(4596706) - 05-07-2022: SportMonks - "Ontwikkeling framework voor het genereren van sport facts." [verwerkt (ingelezen via Excel)] (onvoldoende).
<class 'datetime.datetime'> 2022-06-28 09:32:38 Jacco Blok(4596706)(2) - 28-06-2022: SportMonks - "Ontwikkeling modulair systeem voor het genereren van match facts." [verwerkt (ingelezen via Excel)] (onvoldoende).
<class 'datetime.datetime'> 2022-06-07 07:44:14 Kevin Chen(3517488) - 05 mei 2022: TRES - "Low-code/no-code binnen TRES" [verwerkt (ingelezen via Excel)] (onvoldoende).
<class 'datetime.datetime'> 2022-06-20 12:25:41 Kevin Chen(3517488)(2) - 20 mei 2022: TRES - "Low-code/no-code binnen TRES" [verwerkt (ingelezen via Excel)] (onvoldoende).
<class 'datetime.datetime'> 2022-07-01 08:47:17 Kevin Huisman(3523038) - 28/06/22: Sieval - "WoonTotaal Industry Automatisatie" [verwerkt (ingelezen via Excel)] (voldoende).
<class 'datetime.datetime'> 2022-01-17 17:26:39 Rob Klein Ikink(4554655) - Versie 1: 24/12/2021 Versie 2: 17/01/2022: NHL Stenden Lectoraat Computer Vision & Data Science - "Management & Data Visualisatie voor Neurale Netwerken" [verwerkt (ingelezen via Excel)] (onvoldoende).
<class 'datetime.datetime'> 2022-05-23 11:03:16 Rob Klein Ikink(4554655)(2) - 2022-05-23: Centraal Justitieel Incassobureau (CJIB) - "CJIB Kanaalstrategie door de business" [verwerkt (ingelezen via Excel)] (voldoende).
<class 'datetime.datetime'> 2022-08-17 18:30:35 Thomas Pap(4548485) - 17-08-2022: Sogeti - "Geautomatiseerde test case generatie voor de digital twin" [verwerkt (ingelezen via Excel)] (voldoende).
<class 'datetime.datetime'> 2022-06-24 15:03:46 Thomas Pap(4548485)(2) - 24-06-2022: Sogeti - "Geautomatiseerde test case generatie voor de digital twin" [verwerkt (ingelezen via Excel)] (onvoldoende).
<class 'datetime.datetime'> 2022-09-02 09:27:06 Joeri de Wagt(4615646) - 8-7-2022: Fotocadeau - "Gericht notificeren van medewerkers" [verwerkt (ingelezen via Excel)] (voldoende).
<class 'datetime.datetime'> 2022-10-28 16:21:14 Remco van Akker(3500216) - 10/10/2022: Batenburg Beenen - "Applicatie voor het herkennen van tomatenplanten condities & ziektes door middel van deep learning" [verwerkt (ingelezen via Excel)] (voldoende).
<class 'datetime.datetime'> 2022-09-29 13:53:42 Sander Albers(4506340) - 28-09-2022: ChipSoft - "Natural Language Processing voor het automatiseren van zorg" [verwerkt (ingelezen via Excel)] (voldoende).
<class 'datetime.datetime'> 2022-09-05 12:06:15 Jacco Blok(4596706)(3) - 05-09-2022: ChipSoft BV - "Stand-alone live performance tool" [verwerkt (ingelezen via Excel)] (voldoende).
<class 'datetime.datetime'> 2022-10-25 08:43:04 Kevin Boonstra(4725115) - 24-10-2022: Add Noise Internet & Design - "Actueel aanbod Recron" [verwerkt (ingelezen via Excel)] (voldoende).
<class 'datetime.datetime'> 2022-10-13 09:15:36 Berber Bouma(4727096) - 11-10-2022/Versie 1: Snakeware New Media B.V - "Serious mobile game voor stimulatie gezonder leven" [verwerkt (ingelezen via Excel)] (onvoldoende).
<class 'datetime.datetime'> 2022-10-31 10:33:51 Berber Bouma(4727096)(2) - 31 okt. 22/Versie 2.3: Snakeware New Media B. V - "Serious Mobile Game voor stimulatie gezonder leven" [verwerkt (ingelezen via Excel)] (onvoldoende).
<class 'datetime.datetime'> 2022-10-24 09:36:00 Kevin Chen(3517488)(3) - 10-19-2022: CIMSOLUTIONS - "Dynamische LeerManagementSysteem CIMSOLUTIONS" [verwerkt (ingelezen via Excel)] (onvoldoende).
<class 'datetime.datetime'> 2022-10-31 13:47:15 Kevin Chen(3517488)(4) - 10-28-2022: CIMSOLUTIONS - "Dynamische LeerManagementSysteem CIMSOLUTIONS" [verwerkt (ingelezen via Excel)] (onvoldoende).
<class 'datetime.datetime'> 2022-10-07 13:01:34 Kevin Chen(3517488)(5) - 10-11-2022: CIMSOLUTIONS - "LeerManagementSysteem en App CIMSOLUTIONS" [verwerkt (ingelezen via Excel)] (onvoldoende).
<class 'datetime.datetime'> 2022-10-04 09:35:53 Joop de Graaf(4575741) - 03-10-2022: De Haan Westerhoff - "
Web-based planning and organizing" [verwerkt (ingelezen via Excel)] (onvoldoende).
<class 'datetime.datetime'> 2022-10-11 08:47:56 Joop de Graaf(4575741)(2) - 03-10-2022: De Haan Westerhoff - "
Web-based planning and organizing" [verwerkt (ingelezen via Excel)] (onvoldoende).
<class 'datetime.datetime'> 2022-10-05 08:35:36 Gerrit de Heij(4729684) - 03-10-2022: The Imagineers - "Projectoverdracht" [verwerkt (ingelezen via Excel)] (onvoldoende).
<class 'datetime.datetime'> 2022-10-31 10:33:51 Gerrit de Heij(4729684)(2) - : The Imagineers - "Windparkplanning transfer optimalisatie" [verwerkt (ingelezen via Excel)] (onvoldoende).
<class 'datetime.datetime'> 2022-10-04 09:36:29 Erik van der Horst(4711416) - 03 oktober 2022: Buuút - "Betaallink volgsysteem " [verwerkt (ingelezen via Excel)] (onvoldoende).
<class 'datetime.datetime'> 2022-10-25 08:43:04 Erik van der Horst(4711416)(2) - 24-10-2022: Buuut - "CompanyCheck " [verwerkt (ingelezen via Excel)] (voldoende).
ERROR: Fout bij processing: 'charmap' codec can't encode character '\u0107' in position 60: character maps to <undefined>
*** end PREVIEW ONLY ***
