Student: Rob Alma
Student: Christiaan Bakker
Student: Lammert Bakker
Student: Jorden Bentum
Student: Jelle Bleeker
Student: Harm van den Bogert
Student: Justus Bosschieter
Student: Eugene Bouwer(3555371)
Student: Kevin Chen(3517488)
Student: Ramses Dijkstra
Student: Wytze Douma
Student: Daan Eekhof
Student: Elon Gielink
Student: Kylian Goudswaard
Student: Kevin Haakma
Student: Sybrig de Haan
Student: Taeke Hofman
Student: Robin Hogerhuis
Student: Casper Hooft
Student: Stephan Hut
Student: Richard de Jong
Student: Jesse Jongsma
Student: Rens Krauweel
Student: Jan Kuipers
Student: Maarten van der Meulen
Student: Niels Nieuwland
Student: Stan van der Ploeg
Student: Bauke Postma
Student: Pawel Protas
Student: Levi Roelofsma
Student: Daniel Roskam
Student: Erwin Schaap
Student: Gerran Schouten
Student: Eric Schuitmaker
Student: Demi Stedehouder
Student: Jelle Jan van der Tempel
Student: Reinder Vis
Student: Dennis van der Weide
Student: Klaas van der Werk
Student: Pieter van der Werk
Student: Leander Woudstra
Student: Lammert Bakker
Student: Adriaan Beenen
Student: Jelle Bleeker
Student: Harm van den Bogert
Student: Eugene Bouwer(3555371)
Student: Ramses Dijkstra
Student: Kevin Haakma
Student: Sybrig de Haan
Student: Richard de Jong
Student: Bauke Postma
Student: Levi Roelofsma
Student: Swen van der Wijngaard
Student: Lammert Bakker
Student: Adriaan Beenen
Student: Sjimmie Bleeker
Student: Wiebe de Boer
Student: Ramses Dijkstra
Student: Daan Eekhof
Student: Sybrig de Haan
Student: Levi Roelofsma
Student: Jan van der Tuin
Student: Hidde de Vries(3542261)
Student: Adriaan Beenen
Student: Koen Elderhorst
Student: Elon Gielink
Student: Sybrig de Haan
Student: Jan van der Tuin
Student: Adriaan Beenen
Student: Jacco Blok(4596706)
Student: Pieter Boersma
Student: Boele Boom
Student: Eugene Bouwer(3555371)
Student: Dennie van Dijk
Student: Wytze Douma
Student: Kjeld Droogsma
Student: Koen Elderhorst
Student: Elon Gielink
Student: Matthijs Grafhorst
Student: Jan Sietze Hoekstra
Student: Jeroen Hulshof
Student: Jasper de Jong
Student: Jesse Jongsma
Student: Niels Kooi
Student: Jasper van der Lugt
Student: Johan van der Meer(4520815)
Student: Gerjan Metz
Student: Marle Mulder
Student: Michael Nguyen
Student: Danny Pas
Student: Maurice Ponte
Student: Gijs Rijker
Student: Levi Roelofsma
Student: Rutger Rozendal
Student: Jorrit Schippers(4542061)
Student: Robin Sinnema
Student: Thom Smit
Student: Merlijn Stokhorst
Student: Daan Tolsma
Student: Damiaen Toussaint
Student: Jan van der Tuin
Student: Betty Visser
Student: Kevin Visser
Student: Robin Wagenaar
Student: Leander Woudstra
Student: Thimo de Zwart
Student: Sjimmie Bleeker
Student: Jacco Blok(4596706)
Student: Eugene Bouwer(3555371)
Student: Wytze Douma
Student: Tycho van der Duim(4558286)
Student: Mathijs Grafhorst
Student: Jasper de Jong
Student: Jesse Jongsma
Student: Rob Klein Ikink(4554655)
Student: Dante Klijn(4565908)
Student: Marle Mulder
Student: Michael Nguyen
Student: Thomas Pap(4548485)
Student: Danny Pas
Student: Gijs Rijkers
Student: Rutger Rozendal
Student: Thom Smit
Student: Merlijn Stokhorst
Student: Jaron Timmerman
Student: Kevin Visser
Student: Thimo de Zwart
Student: Sander Beijaard
Student: Sjimmie Bleeker
Student: Wytze Douma
Student: Tycho van der Duim(4558286)
Student: Mathijs Grafhorst
Student: Tsjerk Hiemstra
Student: Jasper de Jong
Student: Dante Klijn(4565908)
Student: Michael Koopmans
Student: Georgie Laskewitz
Student: Jonathan Manzanares
Student: Michael Nguyen
Student: Nam Nguyen
Student: Jorunn Oosterwegel(3531391)
Student: Danny Pas
Student: Naomi Poort
Student: Rutger Rozendal
Student: Robert Slomp(3417904)
Student: Thom Smit
Student: Pim Spithost
Student: Merlijn Stokhorst
Student: Kevin Visser
Student: Joeri de Wagt(4615646)
Student: Janek van Wolfswinkel
Student: Leander Woudstra
Student: Jacco Blok(4596706)
Student: Kevin Chen(3517488)
Student: Tsjerk Hiemstra
Student: Jan Sietze Hoekstra
Student: Kevin Huisman(3523038)
Student: Rob Klein Ikink(4554655)
Student: Thomas Pap(4548485)
Student: Thom Smit
Student: Merlijn Stokhorst
Student: Joeri de Wagt(4615646)
Student: Nick Westerdijk
Student: Remco van Akker(3500216)
Student: Sander Albers(4506340)
Student: Keanu Attema(3551821)
Student: Greyson Beimers
Student: Jelle Bleeker
Student: Jacco Blok(4596706)
Student: Nick de Boer
Student: Kevin Boonstra(4725115)
Student: Berber Bouma(4727096)
Student: Kevin Chen(3517488)
Student: Micky Cheng
Student: Steven Engelman
Student: Joop de Graaf(4575741)
Student: Alexander de Haan(4767187)
Student: Gerrit de Heij(4729684)
Student: Timothy Heppener
Student: Kobus Hettinga(4687426)
Student: Erik van der Horst(4711416)
Student: Rienk Huizenga
Student: Elvedin Ibric
Student: Jitze Jan Kerkstra(4529480)
Student: Yannick Kooistra(3478237)
Student: Justin van der Leij(4736028)
Student: Abe Lont
Student: Koen Molenaar
Student: Jochum Nicolai(3401269)
Student: Patrick Norden(4688023)
Student: Jorn Postma(S4672933)
Student: Keimpe Rauwerda(4693698)
Student: Nando Reij(4700082)
Student: Peter van Schagen(519642)
Student: Hendrik Sibma
Student: Stefan Sijbesma(4677900)
Student: Robert Slomp(3417904)
Student: Thom Smit
Student: Jesse Span
Student: Jasper Steenhuis(4523296)
Student: Frank Stekelenburg
Student: Daan Tolsma
Student: Daan Trommel
Student: Nick van Urk(3480487)
Student: Julian van Veen(S4692519)
Student: Jan Vlasman(4548000)
Student: Klaas Skelte van der Werf
Student: Bob Wezelman(4538404)
Student: Hieke Wiersma
Student: Kleis Auke Wolthuizen(3475025)
Student: Keanu Attema(3551821)
Student: Tigo Beckers(4716485)
Student: Berber Bouma(4727096)
Student: Kevin Chen(3517488)
Student: Joop de Graaf(4575741)
Student: Alexander de Haan(4767187)
Student: Gerrit de Heij(4729684)
Student: Kobus Hettinga(4687426)
Student: Yannick Kooistra(3478237)
Student: Jasper Kruizinga(3483591)
Student: Patrick Norden(4688023)
Student: Jimi van Oosten(3556785)
Student: Jarno van de Poll(4699475)
Student: Jorn Postma(S4672933)
Student: Keimpe Rauwerda(4693698)
Student: Nando Reij(4700082)
Student: Kevin Schiphof(4719409)
Student: Hindrik Sibma(4684044)
Student: Robert Slomp(3417904)
Student: Jasper Steenhuis(4523296)
Student: Dennis Stiekema(319902)
Student: Joshua Terra(4515420)
Student: Nick van Urk(3480487)
Student: Jan Vlasman(4548000)
Student: Bob Wezelman(4538404)
Student: Keanu Attema(3551821)
Student: Chris Benckhuisen(3493074)
Student: Rico Elsenga(4737946)
Student: Jan Minne Holwerda(4569296)
Student: Jasper Kruizinga(3483591)
Student: Georgie Laskewitz
Student: Jochum Nicolai(3401269)
Student: Nando Reij(4700082)
Student: Peter van Schagen(519642)
Student: Kevin Schiphof(4719409)
Student: Jasper Steenhuis(4523296)
Student: Joshua Terra(4515420)
Student: Jan Vlasman(4548000)
Student: Aldert de Vries(3377759)
Student: Niels van der Wal(347717)
Student: Emiel de Wit(3507512)
Student: Musaab Azawi(4585259)
Student: Chris Benckhuisen(3493074)
Student: Ramon Booi
Student: Eugene Bouwer(3555371)
Student: Daan van Boven(3543225)
Student: Kevin Celinski(4537025)
Student: Jeffrey Drost(3385379)
Student: Tycho van der Duim(4558286)
Student: Rico Elsenga(4737946)
Student: Tjeerd van Gelder(4586409)
Student: Auke Hoeksma(4582632)
Student: Jan Minne Holwerda(4569296)
Student: Wytze Hulshoff(4713109)
Student: Dante Klijn(4565908)
Student: Yannick Kooistra(3478237)
Student: Erik Langendijk(4693973)
Student: Johan van der Meer(4520815)
Student: Jelke Nelisse(4609913)
Student: Sang Nguyen(4621042)
Student: Jorunn Oosterwegel(3531391)
Student: Jesse Piebenga(3428345)
Student: Jorrit Schippers(4542061)
Student: Redmar Sprenger
Student: Jelle Jan van der Tempel
Student: Julian van Veen(S4692519)
Student: Jan Vlasman(4548000)
Student: Hidde de Vries(3542261)
Student: Willem de Vries(4576632)
Student: Fabian de Wilde(3558974)
Student: Emiel de Wit(3507512)
Student: Kleis Auke Wolthuizen(3475025)
