Deleted file - C:\repos\aapa\demo\marie\Marie 123.pdf
Deleted file - C:\repos\aapa\demo\mark\1. Aanvraag toelating afstuderen.pdf
Deleted file - C:\repos\aapa\demo\tammo\Afstudeeropdracht_Tammo_Jan_Tamminga ICN.pdf
Deleted file - C:\repos\aapa\demo\tammo\Beoordeling aanvraag Tammo Jan Tamminga(36599455) (ICN Gaswerken)-1.pdf
Deleted file - C:\repos\aapa\demo\tessa\afstudeeropdracht tessa 2.pdf
Deleted file - C:\repos\aapa\demo\tessa\Beoordeling aanvraag Tessa Papstra(365673455) (Waterhoofd BV)-1.pdf
Deleted file - C:\repos\aapa\demo\theo\Beoordeling aanvraag Theo Kwaadtvlieg(36567955) (De Chocoladefabriek)-0.pdf
Deleted file - C:\repos\aapa\demo\theo\Stageaanvraag - Theo 2.pdf

7-Zip 21.06 (x64) : Copyright (c) 1999-2021 Igor Pavlov : 2021-11-24

Scanning the drive for archives:
1 file, 1301428 bytes (1271 KiB)

Extracting archive: DEMO.zip
--
Path = DEMO.zip
Type = zip
Physical Size = 1301428

Everything is Ok

Folders: 7
Files: 6
Size:       1513636
Compressed: 1301428
